{"meta": {"format": 3, "version": "7.13.1", "timestamp": "2026-01-23T04:35:55.038730", "branch_coverage": false, "show_contexts": false}, "files": {"src/skill_creator_mcp/__init__.py": {"executed_lines": [3, 5, 6, 7, 9], "summary": {"covered_lines": 5, "num_statements": 5, "percent_covered": 100.0, "percent_covered_display": "100", "missing_lines": 0, "excluded_lines": 0, "percent_statements_covered": 100.0, "percent_statements_covered_display": "100"}, "missing_lines": [], "excluded_lines": [], "functions": {"": {"executed_lines": [3, 5, 6, 7, 9], "summary": {"covered_lines": 5, "num_statements": 5, "percent_covered": 100.0, "percent_covered_display": "100", "missing_lines": 0, "excluded_lines": 0, "percent_statements_covered": 100.0, "percent_statements_covered_display": "100"}, "missing_lines": [], "excluded_lines": [], "start_line": 1}}, "classes": {"": {"executed_lines": [3, 5, 6, 7, 9], "summary": {"covered_lines": 5, "num_statements": 5, "percent_covered": 100.0, "percent_covered_display": "100", "missing_lines": 0, "excluded_lines": 0, "percent_statements_covered": 100.0, "percent_statements_covered_display": "100"}, "missing_lines": [], "excluded_lines": [], "start_line": 1}}}, "src/skill_creator_mcp/__main__.py": {"executed_lines": [22, 24, 25, 26, 29, 44, 47, 53, 56, 57, 58, 60, 61, 63, 64], "summary": {"covered_lines": 15, "num_statements": 15, "percent_covered": 100.0, "percent_covered_display": "100", "missing_lines": 0, "excluded_lines": 2, "percent_statements_covered": 100.0, "percent_statements_covered_display": "100"}, "missing_lines": [], "excluded_lines": [67, 68], "functions": {"main": {"executed_lines": [44, 47, 53, 56, 57, 58, 60, 61, 63, 64], "summary": {"covered_lines": 10, "num_statements": 10, "percent_covered": 100.0, "percent_covered_display": "100", "missing_lines": 0, "excluded_lines": 0, "percent_statements_covered": 100.0, "percent_statements_covered_display": "100"}, "missing_lines": [], "excluded_lines": [], "start_line": 29}, "": {"executed_lines": [22, 24, 25, 26, 29], "summary": {"covered_lines": 5, "num_statements": 5, "percent_covered": 100.0, "percent_covered_display": "100", "missing_lines": 0, "excluded_lines": 2, "percent_statements_covered": 100.0, "percent_statements_covered_display": "100"}, "missing_lines": [], "excluded_lines": [67, 68], "start_line": 1}}, "classes": {"": {"executed_lines": [22, 24, 25, 26, 29, 44, 47, 53, 56, 57, 58, 60, 61, 63, 64], "summary": {"covered_lines": 15, "num_statements": 15, "percent_covered": 100.0, "percent_covered_display": "100", "missing_lines": 0, "excluded_lines": 2, "percent_statements_covered": 100.0, "percent_statements_covered_display": "100"}, "missing_lines": [], "excluded_lines": [67, 68], "start_line": 1}}}, "src/skill_creator_mcp/config.py": {"executed_lines": [14, 15, 16, 19, 20, 23, 26, 30, 33, 36, 39, 42, 43, 45, 46, 48, 50, 51, 53, 55, 56, 58, 60, 61, 63, 65, 66, 68, 70, 71, 73, 75, 81, 84, 85, 86, 92, 93, 94, 100, 101, 103, 104, 109, 110, 112, 116, 119, 131, 142, 145, 152, 153, 156], "summary": {"covered_lines": 54, "num_statements": 59, "percent_covered": 91.52542372881356, "percent_covered_display": "92", "missing_lines": 5, "excluded_lines": 0, "percent_statements_covered": 91.52542372881356, "percent_statements_covered_display": "92"}, "missing_lines": [132, 134, 135, 136, 138], "excluded_lines": [], "functions": {"Config.__init__": {"executed_lines": [30, 33, 36, 39, 42, 43], "summary": {"covered_lines": 6, "num_statements": 6, "percent_covered": 100.0, "percent_covered_display": "100", "missing_lines": 0, "excluded_lines": 0, "percent_statements_covered": 100.0, "percent_statements_covered_display": "100"}, "missing_lines": [], "excluded_lines": [], "start_line": 26}, "Config.log_level": {"executed_lines": [48], "summary": {"covered_lines": 1, "num_statements": 1, "percent_covered": 100.0, "percent_covered_display": "100", "missing_lines": 0, "excluded_lines": 0, "percent_statements_covered": 100.0, "percent_statements_covered_display": "100"}, "missing_lines": [], "excluded_lines": [], "start_line": 46}, "Config.log_format": {"executed_lines": [53], "summary": {"covered_lines": 1, "num_statements": 1, "percent_covered": 100.0, "percent_covered_display": "100", "missing_lines": 0, "excluded_lines": 0, "percent_statements_covered": 100.0, "percent_statements_covered_display": "100"}, "missing_lines": [], "excluded_lines": [], "start_line": 51}, "Config.log_file": {"executed_lines": [58], "summary": {"covered_lines": 1, "num_statements": 1, "percent_covered": 100.0, "percent_covered_display": "100", "missing_lines": 0, "excluded_lines": 0, "percent_statements_covered": 100.0, "percent_statements_covered_display": "100"}, "missing_lines": [], "excluded_lines": [], "start_line": 56}, "Config.output_dir": {"executed_lines": [63], "summary": {"covered_lines": 1, "num_statements": 1, "percent_covered": 100.0, "percent_covered_display": "100", "missing_lines": 0, "excluded_lines": 0, "percent_statements_covered": 100.0, "percent_statements_covered_display": "100"}, "missing_lines": [], "excluded_lines": [], "start_line": 61}, "Config.max_retries": {"executed_lines": [68], "summary": {"covered_lines": 1, "num_statements": 1, "percent_covered": 100.0, "percent_covered_display": "100", "missing_lines": 0, "excluded_lines": 0, "percent_statements_covered": 100.0, "percent_statements_covered_display": "100"}, "missing_lines": [], "excluded_lines": [], "start_line": 66}, "Config.timeout_seconds": {"executed_lines": [73], "summary": {"covered_lines": 1, "num_statements": 1, "percent_covered": 100.0, "percent_covered_display": "100", "missing_lines": 0, "excluded_lines": 0, "percent_statements_covered": 100.0, "percent_statements_covered_display": "100"}, "missing_lines": [], "excluded_lines": [], "start_line": 71}, "Config.validate": {"executed_lines": [81, 84, 85, 86, 92, 93, 94, 100, 101, 103, 104, 109, 110, 112], "summary": {"covered_lines": 14, "num_statements": 14, "percent_covered": 100.0, "percent_covered_display": "100", "missing_lines": 0, "excluded_lines": 0, "percent_statements_covered": 100.0, "percent_statements_covered_display": "100"}, "missing_lines": [], "excluded_lines": [], "start_line": 75}, "get_config": {"executed_lines": [131, 142], "summary": {"covered_lines": 2, "num_statements": 7, "percent_covered": 28.571428571428573, "percent_covered_display": "29", "missing_lines": 5, "excluded_lines": 0, "percent_statements_covered": 28.571428571428573, "percent_statements_covered_display": "29"}, "missing_lines": [132, 134, 135, 136, 138], "excluded_lines": [], "start_line": 119}, "reload_config": {"executed_lines": [152, 153], "summary": {"covered_lines": 2, "num_statements": 2, "percent_covered": 100.0, "percent_covered_display": "100", "missing_lines": 0, "excluded_lines": 0, "percent_statements_covered": 100.0, "percent_statements_covered_display": "100"}, "missing_lines": [], "excluded_lines": [], "start_line": 145}, "": {"executed_lines": [14, 15, 16, 19, 20, 23, 26, 45, 46, 50, 51, 55, 56, 60, 61, 65, 66, 70, 71, 75, 116, 119, 145, 156], "summary": {"covered_lines": 24, "num_statements": 24, "percent_covered": 100.0, "percent_covered_display": "100", "missing_lines": 0, "excluded_lines": 0, "percent_statements_covered": 100.0, "percent_statements_covered_display": "100"}, "missing_lines": [], "excluded_lines": [], "start_line": 1}}, "classes": {"Config": {"executed_lines": [30, 33, 36, 39, 42, 43, 48, 53, 58, 63, 68, 73, 81, 84, 85, 86, 92, 93, 94, 100, 101, 103, 104, 109, 110, 112], "summary": {"covered_lines": 26, "num_statements": 26, "percent_covered": 100.0, "percent_covered_display": "100", "missing_lines": 0, "excluded_lines": 0, "percent_statements_covered": 100.0, "percent_statements_covered_display": "100"}, "missing_lines": [], "excluded_lines": [], "start_line": 23}, "": {"executed_lines": [14, 15, 16, 19, 20, 23, 26, 45, 46, 50, 51, 55, 56, 60, 61, 65, 66, 70, 71, 75, 116, 119, 131, 142, 145, 152, 153, 156], "summary": {"covered_lines": 28, "num_statements": 33, "percent_covered": 84.84848484848484, "percent_covered_display": "85", "missing_lines": 5, "excluded_lines": 0, "percent_statements_covered": 84.84848484848484, "percent_statements_covered_display": "85"}, "missing_lines": [132, 134, 135, 136, 138], "excluded_lines": [], "start_line": 1}}}, "src/skill_creator_mcp/constants.py": {"executed_lines": [9, 12, 15, 18, 21, 22, 25, 28, 33, 36, 39, 42, 45, 46, 47, 52, 55, 58, 63, 66, 69, 72, 75, 80, 81, 82, 83, 87, 88, 89, 90, 91, 96, 97, 98, 99, 102, 103, 104, 105, 108, 109, 110, 111, 116, 121, 124, 125, 128, 133, 136, 141, 142, 143, 145], "summary": {"covered_lines": 55, "num_statements": 55, "percent_covered": 100.0, "percent_covered_display": "100", "missing_lines": 0, "excluded_lines": 0, "percent_statements_covered": 100.0, "percent_statements_covered_display": "100"}, "missing_lines": [], "excluded_lines": [], "functions": {"": {"executed_lines": [9, 12, 15, 18, 21, 22, 25, 28, 33, 36, 39, 42, 45, 46, 47, 52, 55, 58, 63, 66, 69, 72, 75, 80, 81, 82, 83, 87, 88, 89, 90, 91, 96, 97, 98, 99, 102, 103, 104, 105, 108, 109, 110, 111, 116, 121, 124, 125, 128, 133, 136, 141, 142, 143, 145], "summary": {"covered_lines": 55, "num_statements": 55, "percent_covered": 100.0, "percent_covered_display": "100", "missing_lines": 0, "excluded_lines": 0, "percent_statements_covered": 100.0, "percent_statements_covered_display": "100"}, "missing_lines": [], "excluded_lines": [], "start_line": 1}}, "classes": {"": {"executed_lines": [9, 12, 15, 18, 21, 22, 25, 28, 33, 36, 39, 42, 45, 46, 47, 52, 55, 58, 63, 66, 69, 72, 75, 80, 81, 82, 83, 87, 88, 89, 90, 91, 96, 97, 98, 99, 102, 103, 104, 105, 108, 109, 110, 111, 116, 121, 124, 125, 128, 133, 136, 141, 142, 143, 145], "summary": {"covered_lines": 55, "num_statements": 55, "percent_covered": 100.0, "percent_covered_display": "100", "missing_lines": 0, "excluded_lines": 0, "percent_statements_covered": 100.0, "percent_statements_covered_display": "100"}, "missing_lines": [], "excluded_lines": [], "start_line": 1}}}, "src/skill_creator_mcp/http.py": {"executed_lines": [12, 14, 17, 26, 29, 30, 31, 33, 34, 36, 37], "summary": {"covered_lines": 11, "num_statements": 11, "percent_covered": 100.0, "percent_covered_display": "100", "missing_lines": 0, "excluded_lines": 2, "percent_statements_covered": 100.0, "percent_statements_covered_display": "100"}, "missing_lines": [], "excluded_lines": [40, 41], "functions": {"main": {"executed_lines": [26, 29, 30, 31, 33, 34, 36, 37], "summary": {"covered_lines": 8, "num_statements": 8, "percent_covered": 100.0, "percent_covered_display": "100", "missing_lines": 0, "excluded_lines": 0, "percent_statements_covered": 100.0, "percent_statements_covered_display": "100"}, "missing_lines": [], "excluded_lines": [], "start_line": 17}, "": {"executed_lines": [12, 14, 17], "summary": {"covered_lines": 3, "num_statements": 3, "percent_covered": 100.0, "percent_covered_display": "100", "missing_lines": 0, "excluded_lines": 2, "percent_statements_covered": 100.0, "percent_statements_covered_display": "100"}, "missing_lines": [], "excluded_lines": [40, 41], "start_line": 1}}, "classes": {"": {"executed_lines": [12, 14, 17, 26, 29, 30, 31, 33, 34, 36, 37], "summary": {"covered_lines": 11, "num_statements": 11, "percent_covered": 100.0, "percent_covered_display": "100", "missing_lines": 0, "excluded_lines": 2, "percent_statements_covered": 100.0, "percent_statements_covered_display": "100"}, "missing_lines": [], "excluded_lines": [40, 41], "start_line": 1}}}, "src/skill_creator_mcp/logging_config.py": {"executed_lines": [7, 8, 9, 10, 13, 16, 19, 22, 28, 41, 42, 43, 44, 46, 49, 57, 58, 59, 61, 62, 63, 65, 66, 69, 83, 87, 89], "summary": {"covered_lines": 27, "num_statements": 27, "percent_covered": 100.0, "percent_covered_display": "100", "missing_lines": 0, "excluded_lines": 0, "percent_statements_covered": 100.0, "percent_statements_covered_display": "100"}, "missing_lines": [], "excluded_lines": [], "functions": {"setup_logging": {"executed_lines": [41, 42, 43, 44, 46, 49, 57, 58, 59, 61, 62, 63, 65, 66], "summary": {"covered_lines": 14, "num_statements": 14, "percent_covered": 100.0, "percent_covered_display": "100", "missing_lines": 0, "excluded_lines": 0, "percent_statements_covered": 100.0, "percent_statements_covered_display": "100"}, "missing_lines": [], "excluded_lines": [], "start_line": 28}, "get_logger": {"executed_lines": [83], "summary": {"covered_lines": 1, "num_statements": 1, "percent_covered": 100.0, "percent_covered_display": "100", "missing_lines": 0, "excluded_lines": 0, "percent_statements_covered": 100.0, "percent_statements_covered_display": "100"}, "missing_lines": [], "excluded_lines": [], "start_line": 69}, "": {"executed_lines": [7, 8, 9, 10, 13, 16, 19, 22, 28, 69, 87, 89], "summary": {"covered_lines": 12, "num_statements": 12, "percent_covered": 100.0, "percent_covered_display": "100", "missing_lines": 0, "excluded_lines": 0, "percent_statements_covered": 100.0, "percent_statements_covered_display": "100"}, "missing_lines": [], "excluded_lines": [], "start_line": 1}}, "classes": {"": {"executed_lines": [7, 8, 9, 10, 13, 16, 19, 22, 28, 41, 42, 43, 44, 46, 49, 57, 58, 59, 61, 62, 63, 65, 66, 69, 83, 87, 89], "summary": {"covered_lines": 27, "num_statements": 27, "percent_covered": 100.0, "percent_covered_display": "100", "missing_lines": 0, "excluded_lines": 0, "percent_statements_covered": 100.0, "percent_statements_covered_display": "100"}, "missing_lines": [], "excluded_lines": [], "start_line": 1}}}, "src/skill_creator_mcp/models/__init__.py": {"executed_lines": [3, 9], "summary": {"covered_lines": 2, "num_statements": 2, "percent_covered": 100.0, "percent_covered_display": "100", "missing_lines": 0, "excluded_lines": 0, "percent_statements_covered": 100.0, "percent_statements_covered_display": "100"}, "missing_lines": [], "excluded_lines": [], "functions": {"": {"executed_lines": [3, 9], "summary": {"covered_lines": 2, "num_statements": 2, "percent_covered": 100.0, "percent_covered_display": "100", "missing_lines": 0, "excluded_lines": 0, "percent_statements_covered": 100.0, "percent_statements_covered_display": "100"}, "missing_lines": [], "excluded_lines": [], "start_line": 1}}, "classes": {"": {"executed_lines": [3, 9], "summary": {"covered_lines": 2, "num_statements": 2, "percent_covered": 100.0, "percent_covered_display": "100", "missing_lines": 0, "excluded_lines": 0, "percent_statements_covered": 100.0, "percent_statements_covered_display": "100"}, "missing_lines": [], "excluded_lines": [], "start_line": 1}}}, "src/skill_creator_mcp/models/skill_config.py": {"executed_lines": [3, 4, 6, 9, 12, 15, 21, 25, 29, 33, 38, 39, 40, 57, 58, 59, 63, 66, 69, 70, 71, 72, 73, 74, 75, 78, 81, 85, 89, 95, 98, 102, 106, 110, 114, 118, 122, 128, 131, 135, 139, 143, 149, 152, 156, 160, 166, 169, 173, 177, 183, 186, 192, 196, 200, 206, 209, 213, 217, 221, 225, 229, 238, 241, 245, 249, 253, 257, 261, 267, 270, 274, 278, 282, 286, 292, 295, 299, 303, 307, 311, 315, 319, 323, 327, 331, 335, 344, 347, 351, 355, 359, 363, 369, 372, 376, 380, 384, 388, 392, 396, 400, 404, 408], "summary": {"covered_lines": 104, "num_statements": 104, "percent_covered": 100.0, "percent_covered_display": "100", "missing_lines": 0, "excluded_lines": 0, "percent_statements_covered": 100.0, "percent_statements_covered_display": "100"}, "missing_lines": [], "excluded_lines": [], "functions": {"InitSkillInput.validate_name": {"executed_lines": [57, 58, 59, 63], "summary": {"covered_lines": 4, "num_statements": 4, "percent_covered": 100.0, "percent_covered_display": "100", "missing_lines": 0, "excluded_lines": 0, "percent_statements_covered": 100.0, "percent_statements_covered_display": "100"}, "missing_lines": [], "excluded_lines": [], "start_line": 40}, "": {"executed_lines": [3, 4, 6, 9, 12, 15, 21, 25, 29, 33, 38, 39, 40, 66, 69, 70, 71, 72, 73, 74, 75, 78, 81, 85, 89, 95, 98, 102, 106, 110, 114, 118, 122, 128, 131, 135, 139, 143, 149, 152, 156, 160, 166, 169, 173, 177, 183, 186, 192, 196, 200, 206, 209, 213, 217, 221, 225, 229, 238, 241, 245, 249, 253, 257, 261, 267, 270, 274, 278, 282, 286, 292, 295, 299, 303, 307, 311, 315, 319, 323, 327, 331, 335, 344, 347, 351, 355, 359, 363, 369, 372, 376, 380, 384, 388, 392, 396, 400, 404, 408], "summary": {"covered_lines": 100, "num_statements": 100, "percent_covered": 100.0, "percent_covered_display": "100", "missing_lines": 0, "excluded_lines": 0, "percent_statements_covered": 100.0, "percent_statements_covered_display": "100"}, "missing_lines": [], "excluded_lines": [], "start_line": 1}}, "classes": {"InitSkillInput": {"executed_lines": [57, 58, 59, 63], "summary": {"covered_lines": 4, "num_statements": 4, "percent_covered": 100.0, "percent_covered_display": "100", "missing_lines": 0, "excluded_lines": 0, "percent_statements_covered": 100.0, "percent_statements_covered_display": "100"}, "missing_lines": [], "excluded_lines": [], "start_line": 12}, "SkillConfig": {"executed_lines": [], "summary": {"covered_lines": 0, "num_statements": 0, "percent_covered": 100.0, "percent_covered_display": "100", "missing_lines": 0, "excluded_lines": 0, "percent_statements_covered": 100.0, "percent_statements_covered_display": "100"}, "missing_lines": [], "excluded_lines": [], "start_line": 66}, "ValidateSkillInput": {"executed_lines": [], "summary": {"covered_lines": 0, "num_statements": 0, "percent_covered": 100.0, "percent_covered_display": "100", "missing_lines": 0, "excluded_lines": 0, "percent_statements_covered": 100.0, "percent_statements_covered_display": "100"}, "missing_lines": [], "excluded_lines": [], "start_line": 78}, "ValidationResult": {"executed_lines": [], "summary": {"covered_lines": 0, "num_statements": 0, "percent_covered": 100.0, "percent_covered_display": "100", "missing_lines": 0, "excluded_lines": 0, "percent_statements_covered": 100.0, "percent_statements_covered_display": "100"}, "missing_lines": [], "excluded_lines": [], "start_line": 95}, "AnalyzeSkillInput": {"executed_lines": [], "summary": {"covered_lines": 0, "num_statements": 0, "percent_covered": 100.0, "percent_covered_display": "100", "missing_lines": 0, "excluded_lines": 0, "percent_statements_covered": 100.0, "percent_statements_covered_display": "100"}, "missing_lines": [], "excluded_lines": [], "start_line": 128}, "StructureAnalysis": {"executed_lines": [], "summary": {"covered_lines": 0, "num_statements": 0, "percent_covered": 100.0, "percent_covered_display": "100", "missing_lines": 0, "excluded_lines": 0, "percent_statements_covered": 100.0, "percent_statements_covered_display": "100"}, "missing_lines": [], "excluded_lines": [], "start_line": 149}, "ComplexityMetrics": {"executed_lines": [], "summary": {"covered_lines": 0, "num_statements": 0, "percent_covered": 100.0, "percent_covered_display": "100", "missing_lines": 0, "excluded_lines": 0, "percent_statements_covered": 100.0, "percent_statements_covered_display": "100"}, "missing_lines": [], "excluded_lines": [], "start_line": 166}, "QualityScore": {"executed_lines": [], "summary": {"covered_lines": 0, "num_statements": 0, "percent_covered": 100.0, "percent_covered_display": "100", "missing_lines": 0, "excluded_lines": 0, "percent_statements_covered": 100.0, "percent_statements_covered_display": "100"}, "missing_lines": [], "excluded_lines": [], "start_line": 183}, "AnalyzeResult": {"executed_lines": [], "summary": {"covered_lines": 0, "num_statements": 0, "percent_covered": 100.0, "percent_covered_display": "100", "missing_lines": 0, "excluded_lines": 0, "percent_statements_covered": 100.0, "percent_statements_covered_display": "100"}, "missing_lines": [], "excluded_lines": [], "start_line": 206}, "RefactorSuggestion": {"executed_lines": [], "summary": {"covered_lines": 0, "num_statements": 0, "percent_covered": 100.0, "percent_covered_display": "100", "missing_lines": 0, "excluded_lines": 0, "percent_statements_covered": 100.0, "percent_statements_covered_display": "100"}, "missing_lines": [], "excluded_lines": [], "start_line": 238}, "RefactorSkillInput": {"executed_lines": [], "summary": {"covered_lines": 0, "num_statements": 0, "percent_covered": 100.0, "percent_covered_display": "100", "missing_lines": 0, "excluded_lines": 0, "percent_statements_covered": 100.0, "percent_statements_covered_display": "100"}, "missing_lines": [], "excluded_lines": [], "start_line": 267}, "RefactorResult": {"executed_lines": [], "summary": {"covered_lines": 0, "num_statements": 0, "percent_covered": 100.0, "percent_covered_display": "100", "missing_lines": 0, "excluded_lines": 0, "percent_statements_covered": 100.0, "percent_statements_covered_display": "100"}, "missing_lines": [], "excluded_lines": [], "start_line": 292}, "PackageSkillInput": {"executed_lines": [], "summary": {"covered_lines": 0, "num_statements": 0, "percent_covered": 100.0, "percent_covered_display": "100", "missing_lines": 0, "excluded_lines": 0, "percent_statements_covered": 100.0, "percent_statements_covered_display": "100"}, "missing_lines": [], "excluded_lines": [], "start_line": 344}, "PackageResult": {"executed_lines": [], "summary": {"covered_lines": 0, "num_statements": 0, "percent_covered": 100.0, "percent_covered_display": "100", "missing_lines": 0, "excluded_lines": 0, "percent_statements_covered": 100.0, "percent_statements_covered_display": "100"}, "missing_lines": [], "excluded_lines": [], "start_line": 369}, "": {"executed_lines": [3, 4, 6, 9, 12, 15, 21, 25, 29, 33, 38, 39, 40, 66, 69, 70, 71, 72, 73, 74, 75, 78, 81, 85, 89, 95, 98, 102, 106, 110, 114, 118, 122, 128, 131, 135, 139, 143, 149, 152, 156, 160, 166, 169, 173, 177, 183, 186, 192, 196, 200, 206, 209, 213, 217, 221, 225, 229, 238, 241, 245, 249, 253, 257, 261, 267, 270, 274, 278, 282, 286, 292, 295, 299, 303, 307, 311, 315, 319, 323, 327, 331, 335, 344, 347, 351, 355, 359, 363, 369, 372, 376, 380, 384, 388, 392, 396, 400, 404, 408], "summary": {"covered_lines": 100, "num_statements": 100, "percent_covered": 100.0, "percent_covered_display": "100", "missing_lines": 0, "excluded_lines": 0, "percent_statements_covered": 100.0, "percent_statements_covered_display": "100"}, "missing_lines": [], "excluded_lines": [], "start_line": 1}}}, "src/skill_creator_mcp/prompts/__init__.py": {"executed_lines": [6, 7, 8, 10], "summary": {"covered_lines": 4, "num_statements": 4, "percent_covered": 100.0, "percent_covered_display": "100", "missing_lines": 0, "excluded_lines": 0, "percent_statements_covered": 100.0, "percent_statements_covered_display": "100"}, "missing_lines": [], "excluded_lines": [], "functions": {"": {"executed_lines": [6, 7, 8, 10], "summary": {"covered_lines": 4, "num_statements": 4, "percent_covered": 100.0, "percent_covered_display": "100", "missing_lines": 0, "excluded_lines": 0, "percent_statements_covered": 100.0, "percent_statements_covered_display": "100"}, "missing_lines": [], "excluded_lines": [], "start_line": 1}}, "classes": {"": {"executed_lines": [6, 7, 8, 10], "summary": {"covered_lines": 4, "num_statements": 4, "percent_covered": 100.0, "percent_covered_display": "100", "missing_lines": 0, "excluded_lines": 0, "percent_statements_covered": 100.0, "percent_statements_covered_display": "100"}, "missing_lines": [], "excluded_lines": [], "start_line": 1}}}, "src/skill_creator_mcp/prompts/create_skill.py": {"executed_lines": [3, 6, 72, 82, 112, 117, 118, 119, 120], "summary": {"covered_lines": 9, "num_statements": 9, "percent_covered": 100.0, "percent_covered_display": "100", "missing_lines": 0, "excluded_lines": 0, "percent_statements_covered": 100.0, "percent_statements_covered_display": "100"}, "missing_lines": [], "excluded_lines": [], "functions": {"get_create_skill_prompt": {"executed_lines": [82, 112, 117, 118, 119, 120], "summary": {"covered_lines": 6, "num_statements": 6, "percent_covered": 100.0, "percent_covered_display": "100", "missing_lines": 0, "excluded_lines": 0, "percent_statements_covered": 100.0, "percent_statements_covered_display": "100"}, "missing_lines": [], "excluded_lines": [], "start_line": 72}, "": {"executed_lines": [3, 6, 72], "summary": {"covered_lines": 3, "num_statements": 3, "percent_covered": 100.0, "percent_covered_display": "100", "missing_lines": 0, "excluded_lines": 0, "percent_statements_covered": 100.0, "percent_statements_covered_display": "100"}, "missing_lines": [], "excluded_lines": [], "start_line": 1}}, "classes": {"": {"executed_lines": [3, 6, 72, 82, 112, 117, 118, 119, 120], "summary": {"covered_lines": 9, "num_statements": 9, "percent_covered": 100.0, "percent_covered_display": "100", "missing_lines": 0, "excluded_lines": 0, "percent_statements_covered": 100.0, "percent_statements_covered_display": "100"}, "missing_lines": [], "excluded_lines": [], "start_line": 1}}}, "src/skill_creator_mcp/prompts/refactor_skill.py": {"executed_lines": [3, 6, 113, 126, 128, 129, 130, 132], "summary": {"covered_lines": 8, "num_statements": 8, "percent_covered": 100.0, "percent_covered_display": "100", "missing_lines": 0, "excluded_lines": 0, "percent_statements_covered": 100.0, "percent_statements_covered_display": "100"}, "missing_lines": [], "excluded_lines": [], "functions": {"get_refactor_skill_prompt": {"executed_lines": [126, 128, 129, 130, 132], "summary": {"covered_lines": 5, "num_statements": 5, "percent_covered": 100.0, "percent_covered_display": "100", "missing_lines": 0, "excluded_lines": 0, "percent_statements_covered": 100.0, "percent_statements_covered_display": "100"}, "missing_lines": [], "excluded_lines": [], "start_line": 113}, "": {"executed_lines": [3, 6, 113], "summary": {"covered_lines": 3, "num_statements": 3, "percent_covered": 100.0, "percent_covered_display": "100", "missing_lines": 0, "excluded_lines": 0, "percent_statements_covered": 100.0, "percent_statements_covered_display": "100"}, "missing_lines": [], "excluded_lines": [], "start_line": 1}}, "classes": {"": {"executed_lines": [3, 6, 113, 126, 128, 129, 130, 132], "summary": {"covered_lines": 8, "num_statements": 8, "percent_covered": 100.0, "percent_covered_display": "100", "missing_lines": 0, "excluded_lines": 0, "percent_statements_covered": 100.0, "percent_statements_covered_display": "100"}, "missing_lines": [], "excluded_lines": [], "start_line": 1}}}, "src/skill_creator_mcp/prompts/validate_skill.py": {"executed_lines": [3, 6, 85, 98, 100, 101, 116, 121, 122, 123], "summary": {"covered_lines": 10, "num_statements": 10, "percent_covered": 100.0, "percent_covered_display": "100", "missing_lines": 0, "excluded_lines": 0, "percent_statements_covered": 100.0, "percent_statements_covered_display": "100"}, "missing_lines": [], "excluded_lines": [], "functions": {"get_validate_skill_prompt": {"executed_lines": [98, 100, 101, 116, 121, 122, 123], "summary": {"covered_lines": 7, "num_statements": 7, "percent_covered": 100.0, "percent_covered_display": "100", "missing_lines": 0, "excluded_lines": 0, "percent_statements_covered": 100.0, "percent_statements_covered_display": "100"}, "missing_lines": [], "excluded_lines": [], "start_line": 85}, "": {"executed_lines": [3, 6, 85], "summary": {"covered_lines": 3, "num_statements": 3, "percent_covered": 100.0, "percent_covered_display": "100", "missing_lines": 0, "excluded_lines": 0, "percent_statements_covered": 100.0, "percent_statements_covered_display": "100"}, "missing_lines": [], "excluded_lines": [], "start_line": 1}}, "classes": {"": {"executed_lines": [3, 6, 85, 98, 100, 101, 116, 121, 122, 123], "summary": {"covered_lines": 10, "num_statements": 10, "percent_covered": 100.0, "percent_covered_display": "100", "missing_lines": 0, "excluded_lines": 0, "percent_statements_covered": 100.0, "percent_statements_covered_display": "100"}, "missing_lines": [], "excluded_lines": [], "start_line": 1}}}, "src/skill_creator_mcp/resources/__init__.py": {"executed_lines": [9, 10, 14, 16], "summary": {"covered_lines": 4, "num_statements": 4, "percent_covered": 100.0, "percent_covered_display": "100", "missing_lines": 0, "excluded_lines": 0, "percent_statements_covered": 100.0, "percent_statements_covered_display": "100"}, "missing_lines": [], "excluded_lines": [], "functions": {"": {"executed_lines": [9, 10, 14, 16], "summary": {"covered_lines": 4, "num_statements": 4, "percent_covered": 100.0, "percent_covered_display": "100", "missing_lines": 0, "excluded_lines": 0, "percent_statements_covered": 100.0, "percent_statements_covered_display": "100"}, "missing_lines": [], "excluded_lines": [], "start_line": 1}}, "classes": {"": {"executed_lines": [9, 10, 14, 16], "summary": {"covered_lines": 4, "num_statements": 4, "percent_covered": 100.0, "percent_covered_display": "100", "missing_lines": 0, "excluded_lines": 0, "percent_statements_covered": 100.0, "percent_statements_covered_display": "100"}, "missing_lines": [], "excluded_lines": [], "start_line": 1}}}, "src/skill_creator_mcp/resources/best_practices.py": {"executed_lines": [6, 9, 152, 158, 161, 167], "summary": {"covered_lines": 6, "num_statements": 6, "percent_covered": 100.0, "percent_covered_display": "100", "missing_lines": 0, "excluded_lines": 0, "percent_statements_covered": 100.0, "percent_statements_covered_display": "100"}, "missing_lines": [], "excluded_lines": [], "functions": {"get_best_practices": {"executed_lines": [158], "summary": {"covered_lines": 1, "num_statements": 1, "percent_covered": 100.0, "percent_covered_display": "100", "missing_lines": 0, "excluded_lines": 0, "percent_statements_covered": 100.0, "percent_statements_covered_display": "100"}, "missing_lines": [], "excluded_lines": [], "start_line": 152}, "get_best_practices_summary": {"executed_lines": [167], "summary": {"covered_lines": 1, "num_statements": 1, "percent_covered": 100.0, "percent_covered_display": "100", "missing_lines": 0, "excluded_lines": 0, "percent_statements_covered": 100.0, "percent_statements_covered_display": "100"}, "missing_lines": [], "excluded_lines": [], "start_line": 161}, "": {"executed_lines": [6, 9, 152, 161], "summary": {"covered_lines": 4, "num_statements": 4, "percent_covered": 100.0, "percent_covered_display": "100", "missing_lines": 0, "excluded_lines": 0, "percent_statements_covered": 100.0, "percent_statements_covered_display": "100"}, "missing_lines": [], "excluded_lines": [], "start_line": 1}}, "classes": {"": {"executed_lines": [6, 9, 152, 158, 161, 167], "summary": {"covered_lines": 6, "num_statements": 6, "percent_covered": 100.0, "percent_covered_display": "100", "missing_lines": 0, "excluded_lines": 0, "percent_statements_covered": 100.0, "percent_statements_covered_display": "100"}, "missing_lines": [], "excluded_lines": [], "start_line": 1}}}, "src/skill_creator_mcp/resources/templates.py": {"executed_lines": [6, 9, 12, 20, 28, 36, 42, 48, 57, 58, 59, 61, 109, 118, 290, 293, 302], "summary": {"covered_lines": 17, "num_statements": 17, "percent_covered": 100.0, "percent_covered_display": "100", "missing_lines": 0, "excluded_lines": 0, "percent_statements_covered": 100.0, "percent_statements_covered_display": "100"}, "missing_lines": [], "excluded_lines": [], "functions": {"list_templates": {"executed_lines": [42], "summary": {"covered_lines": 1, "num_statements": 1, "percent_covered": 100.0, "percent_covered_display": "100", "missing_lines": 0, "excluded_lines": 0, "percent_statements_covered": 100.0, "percent_statements_covered_display": "100"}, "missing_lines": [], "excluded_lines": [], "start_line": 36}, "get_template_content": {"executed_lines": [57, 58, 59, 61], "summary": {"covered_lines": 4, "num_statements": 4, "percent_covered": 100.0, "percent_covered_display": "100", "missing_lines": 0, "excluded_lines": 0, "percent_statements_covered": 100.0, "percent_statements_covered_display": "100"}, "missing_lines": [], "excluded_lines": [], "start_line": 48}, "get_template_references": {"executed_lines": [118, 290], "summary": {"covered_lines": 2, "num_statements": 2, "percent_covered": 100.0, "percent_covered_display": "100", "missing_lines": 0, "excluded_lines": 0, "percent_statements_covered": 100.0, "percent_statements_covered_display": "100"}, "missing_lines": [], "excluded_lines": [], "start_line": 109}, "get_template_info": {"executed_lines": [302], "summary": {"covered_lines": 1, "num_statements": 1, "percent_covered": 100.0, "percent_covered_display": "100", "missing_lines": 0, "excluded_lines": 0, "percent_statements_covered": 100.0, "percent_statements_covered_display": "100"}, "missing_lines": [], "excluded_lines": [], "start_line": 293}, "": {"executed_lines": [6, 9, 12, 20, 28, 36, 48, 109, 293], "summary": {"covered_lines": 9, "num_statements": 9, "percent_covered": 100.0, "percent_covered_display": "100", "missing_lines": 0, "excluded_lines": 0, "percent_statements_covered": 100.0, "percent_statements_covered_display": "100"}, "missing_lines": [], "excluded_lines": [], "start_line": 1}}, "classes": {"": {"executed_lines": [6, 9, 12, 20, 28, 36, 42, 48, 57, 58, 59, 61, 109, 118, 290, 293, 302], "summary": {"covered_lines": 17, "num_statements": 17, "percent_covered": 100.0, "percent_covered_display": "100", "missing_lines": 0, "excluded_lines": 0, "percent_statements_covered": 100.0, "percent_statements_covered_display": "100"}, "missing_lines": [], "excluded_lines": [], "start_line": 1}}}, "src/skill_creator_mcp/resources/validation_rules.py": {"executed_lines": [6, 9, 201, 207, 210, 216], "summary": {"covered_lines": 6, "num_statements": 6, "percent_covered": 100.0, "percent_covered_display": "100", "missing_lines": 0, "excluded_lines": 0, "percent_statements_covered": 100.0, "percent_statements_covered_display": "100"}, "missing_lines": [], "excluded_lines": [], "functions": {"get_validation_rules": {"executed_lines": [207], "summary": {"covered_lines": 1, "num_statements": 1, "percent_covered": 100.0, "percent_covered_display": "100", "missing_lines": 0, "excluded_lines": 0, "percent_statements_covered": 100.0, "percent_statements_covered_display": "100"}, "missing_lines": [], "excluded_lines": [], "start_line": 201}, "get_validation_rules_summary": {"executed_lines": [216], "summary": {"covered_lines": 1, "num_statements": 1, "percent_covered": 100.0, "percent_covered_display": "100", "missing_lines": 0, "excluded_lines": 0, "percent_statements_covered": 100.0, "percent_statements_covered_display": "100"}, "missing_lines": [], "excluded_lines": [], "start_line": 210}, "": {"executed_lines": [6, 9, 201, 210], "summary": {"covered_lines": 4, "num_statements": 4, "percent_covered": 100.0, "percent_covered_display": "100", "missing_lines": 0, "excluded_lines": 0, "percent_statements_covered": 100.0, "percent_statements_covered_display": "100"}, "missing_lines": [], "excluded_lines": [], "start_line": 1}}, "classes": {"": {"executed_lines": [6, 9, 201, 207, 210, 216], "summary": {"covered_lines": 6, "num_statements": 6, "percent_covered": 100.0, "percent_covered_display": "100", "missing_lines": 0, "excluded_lines": 0, "percent_statements_covered": 100.0, "percent_statements_covered_display": "100"}, "missing_lines": [], "excluded_lines": [], "start_line": 1}}}, "src/skill_creator_mcp/server.py": {"executed_lines": [7, 8, 10, 12, 17, 23, 30, 31, 32, 37, 45, 104, 105, 129, 131, 134, 143, 150, 151, 157, 158, 161, 162, 165, 166, 168, 180, 181, 186, 187, 194, 195, 213, 215, 217, 223, 226, 227, 228, 229, 232, 233, 242, 243, 253, 254, 255, 256, 259, 260, 261, 264, 265, 266, 267, 268, 270, 271, 274, 275, 276, 277, 280, 282, 294, 295, 306, 307, 327, 332, 334, 341, 344, 345, 351, 352, 359, 360, 362, 363, 366, 367, 369, 370, 377, 378, 381, 389, 391, 415, 416, 423, 424, 448, 450, 452, 460, 463, 464, 470, 471, 478, 479, 481, 482, 485, 486, 488, 489, 496, 497, 499, 500, 508, 513, 518, 520, 545, 546, 553, 554, 578, 580, 582, 585, 594, 603, 616, 618, 619, 620, 621, 627, 632, 633, 640, 642, 644, 651, 653, 660, 662, 710, 712, 714, 729, 731, 732, 735, 737, 756, 787, 790, 792, 794, 796, 810, 816, 817, 819, 820, 821, 822, 823, 824, 827, 828, 830, 833, 834, 835, 840, 841, 843, 846, 847, 849, 855, 856, 869, 872, 873, 886, 889, 890, 903, 906], "summary": {"covered_lines": 187, "num_statements": 188, "percent_covered": 99.46808510638297, "percent_covered_display": "99", "missing_lines": 1, "excluded_lines": 2, "percent_statements_covered": 99.46808510638297, "percent_statements_covered_display": "99"}, "missing_lines": [837], "excluded_lines": [739, 758], "functions": {"init_skill": {"executed_lines": [129, 131, 134, 143, 150, 151, 157, 158, 161, 162, 165, 166, 168, 180, 181, 186, 187], "summary": {"covered_lines": 17, "num_statements": 17, "percent_covered": 100.0, "percent_covered_display": "100", "missing_lines": 0, "excluded_lines": 0, "percent_statements_covered": 100.0, "percent_statements_covered_display": "100"}, "missing_lines": [], "excluded_lines": [], "start_line": 105}, "validate_skill": {"executed_lines": [213, 215, 217, 223, 226, 227, 228, 229, 232, 233, 242, 243, 253, 254, 255, 256, 259, 260, 261, 264, 265, 266, 267, 268, 270, 271, 274, 275, 276, 277, 280, 282, 294, 295], "summary": {"covered_lines": 34, "num_statements": 34, "percent_covered": 100.0, "percent_covered_display": "100", "missing_lines": 0, "excluded_lines": 0, "percent_statements_covered": 100.0, "percent_statements_covered_display": "100"}, "missing_lines": [], "excluded_lines": [], "start_line": 195}, "analyze_skill": {"executed_lines": [327, 332, 334, 341, 344, 345, 351, 352, 359, 360, 362, 363, 366, 367, 369, 370, 377, 378, 381, 389, 391, 415, 416], "summary": {"covered_lines": 23, "num_statements": 23, "percent_covered": 100.0, "percent_covered_display": "100", "missing_lines": 0, "excluded_lines": 0, "percent_statements_covered": 100.0, "percent_statements_covered_display": "100"}, "missing_lines": [], "excluded_lines": [], "start_line": 307}, "refactor_skill": {"executed_lines": [448, 450, 452, 460, 463, 464, 470, 471, 478, 479, 481, 482, 485, 486, 488, 489, 496, 497, 499, 500, 508, 513, 518, 520, 545, 546], "summary": {"covered_lines": 26, "num_statements": 26, "percent_covered": 100.0, "percent_covered_display": "100", "missing_lines": 0, "excluded_lines": 0, "percent_statements_covered": 100.0, "percent_statements_covered_display": "100"}, "missing_lines": [], "excluded_lines": [], "start_line": 424}, "package_skill": {"executed_lines": [578, 580, 582, 585, 594, 603, 616, 618, 619, 620, 621, 627, 632, 633], "summary": {"covered_lines": 14, "num_statements": 14, "percent_covered": 100.0, "percent_covered_display": "100", "missing_lines": 0, "excluded_lines": 0, "percent_statements_covered": 100.0, "percent_statements_covered_display": "100"}, "missing_lines": [], "excluded_lines": [], "start_line": 554}, "_generate_skill_md_content": {"executed_lines": [642, 644, 651, 653, 660, 662], "summary": {"covered_lines": 6, "num_statements": 6, "percent_covered": 100.0, "percent_covered_display": "100", "missing_lines": 0, "excluded_lines": 0, "percent_statements_covered": 100.0, "percent_statements_covered_display": "100"}, "missing_lines": [], "excluded_lines": [], "start_line": 640}, "_create_reference_files": {"executed_lines": [712, 714, 729, 731, 732], "summary": {"covered_lines": 5, "num_statements": 5, "percent_covered": 100.0, "percent_covered_display": "100", "missing_lines": 0, "excluded_lines": 0, "percent_statements_covered": 100.0, "percent_statements_covered_display": "100"}, "missing_lines": [], "excluded_lines": [], "start_line": 710}, "_create_example_scripts": {"executed_lines": [737, 756, 787], "summary": {"covered_lines": 3, "num_statements": 3, "percent_covered": 100.0, "percent_covered_display": "100", "missing_lines": 0, "excluded_lines": 2, "percent_statements_covered": 100.0, "percent_statements_covered_display": "100"}, "missing_lines": [], "excluded_lines": [739, 758], "start_line": 735}, "_create_example_examples": {"executed_lines": [792, 794, 796, 810], "summary": {"covered_lines": 4, "num_statements": 4, "percent_covered": 100.0, "percent_covered_display": "100", "missing_lines": 0, "excluded_lines": 0, "percent_statements_covered": 100.0, "percent_statements_covered_display": "100"}, "missing_lines": [], "excluded_lines": [], "start_line": 790}, "list_templates_resource": {"executed_lines": [819, 820, 821, 822, 823, 824], "summary": {"covered_lines": 6, "num_statements": 6, "percent_covered": 100.0, "percent_covered_display": "100", "missing_lines": 0, "excluded_lines": 0, "percent_statements_covered": 100.0, "percent_statements_covered_display": "100"}, "missing_lines": [], "excluded_lines": [], "start_line": 817}, "get_template_resource": {"executed_lines": [830, 833, 834, 835], "summary": {"covered_lines": 4, "num_statements": 5, "percent_covered": 80.0, "percent_covered_display": "80", "missing_lines": 1, "excluded_lines": 0, "percent_statements_covered": 80.0, "percent_statements_covered_display": "80"}, "missing_lines": [837], "excluded_lines": [], "start_line": 828}, "best_practices_resource": {"executed_lines": [843], "summary": {"covered_lines": 1, "num_statements": 1, "percent_covered": 100.0, "percent_covered_display": "100", "missing_lines": 0, "excluded_lines": 0, "percent_statements_covered": 100.0, "percent_statements_covered_display": "100"}, "missing_lines": [], "excluded_lines": [], "start_line": 841}, "validation_rules_resource": {"executed_lines": [849], "summary": {"covered_lines": 1, "num_statements": 1, "percent_covered": 100.0, "percent_covered_display": "100", "missing_lines": 0, "excluded_lines": 0, "percent_statements_covered": 100.0, "percent_statements_covered_display": "100"}, "missing_lines": [], "excluded_lines": [], "start_line": 847}, "create_skill_prompt": {"executed_lines": [869], "summary": {"covered_lines": 1, "num_statements": 1, "percent_covered": 100.0, "percent_covered_display": "100", "missing_lines": 0, "excluded_lines": 0, "percent_statements_covered": 100.0, "percent_statements_covered_display": "100"}, "missing_lines": [], "excluded_lines": [], "start_line": 856}, "validate_skill_prompt": {"executed_lines": [886], "summary": {"covered_lines": 1, "num_statements": 1, "percent_covered": 100.0, "percent_covered_display": "100", "missing_lines": 0, "excluded_lines": 0, "percent_statements_covered": 100.0, "percent_statements_covered_display": "100"}, "missing_lines": [], "excluded_lines": [], "start_line": 873}, "refactor_skill_prompt": {"executed_lines": [903], "summary": {"covered_lines": 1, "num_statements": 1, "percent_covered": 100.0, "percent_covered_display": "100", "missing_lines": 0, "excluded_lines": 0, "percent_statements_covered": 100.0, "percent_statements_covered_display": "100"}, "missing_lines": [], "excluded_lines": [], "start_line": 890}, "": {"executed_lines": [7, 8, 10, 12, 17, 23, 30, 31, 32, 37, 45, 104, 105, 194, 195, 306, 307, 423, 424, 553, 554, 640, 710, 735, 790, 816, 817, 827, 828, 840, 841, 846, 847, 855, 856, 872, 873, 889, 890, 906], "summary": {"covered_lines": 40, "num_statements": 40, "percent_covered": 100.0, "percent_covered_display": "100", "missing_lines": 0, "excluded_lines": 0, "percent_statements_covered": 100.0, "percent_statements_covered_display": "100"}, "missing_lines": [], "excluded_lines": [], "start_line": 1}}, "classes": {"": {"executed_lines": [7, 8, 10, 12, 17, 23, 30, 31, 32, 37, 45, 104, 105, 129, 131, 134, 143, 150, 151, 157, 158, 161, 162, 165, 166, 168, 180, 181, 186, 187, 194, 195, 213, 215, 217, 223, 226, 227, 228, 229, 232, 233, 242, 243, 253, 254, 255, 256, 259, 260, 261, 264, 265, 266, 267, 268, 270, 271, 274, 275, 276, 277, 280, 282, 294, 295, 306, 307, 327, 332, 334, 341, 344, 345, 351, 352, 359, 360, 362, 363, 366, 367, 369, 370, 377, 378, 381, 389, 391, 415, 416, 423, 424, 448, 450, 452, 460, 463, 464, 470, 471, 478, 479, 481, 482, 485, 486, 488, 489, 496, 497, 499, 500, 508, 513, 518, 520, 545, 546, 553, 554, 578, 580, 582, 585, 594, 603, 616, 618, 619, 620, 621, 627, 632, 633, 640, 642, 644, 651, 653, 660, 662, 710, 712, 714, 729, 731, 732, 735, 737, 756, 787, 790, 792, 794, 796, 810, 816, 817, 819, 820, 821, 822, 823, 824, 827, 828, 830, 833, 834, 835, 840, 841, 843, 846, 847, 849, 855, 856, 869, 872, 873, 886, 889, 890, 903, 906], "summary": {"covered_lines": 187, "num_statements": 188, "percent_covered": 99.46808510638297, "percent_covered_display": "99", "missing_lines": 1, "excluded_lines": 2, "percent_statements_covered": 99.46808510638297, "percent_statements_covered_display": "99"}, "missing_lines": [837], "excluded_lines": [739, 758], "start_line": 1}}}, "src/skill_creator_mcp/utils/__init__.py": {"executed_lines": [3, 10, 18, 19, 24, 34], "summary": {"covered_lines": 6, "num_statements": 6, "percent_covered": 100.0, "percent_covered_display": "100", "missing_lines": 0, "excluded_lines": 0, "percent_statements_covered": 100.0, "percent_statements_covered_display": "100"}, "missing_lines": [], "excluded_lines": [], "functions": {"": {"executed_lines": [3, 10, 18, 19, 24, 34], "summary": {"covered_lines": 6, "num_statements": 6, "percent_covered": 100.0, "percent_covered_display": "100", "missing_lines": 0, "excluded_lines": 0, "percent_statements_covered": 100.0, "percent_statements_covered_display": "100"}, "missing_lines": [], "excluded_lines": [], "start_line": 1}}, "classes": {"": {"executed_lines": [3, 10, 18, 19, 24, 34], "summary": {"covered_lines": 6, "num_statements": 6, "percent_covered": 100.0, "percent_covered_display": "100", "missing_lines": 0, "excluded_lines": 0, "percent_statements_covered": 100.0, "percent_statements_covered_display": "100"}, "missing_lines": [], "excluded_lines": [], "start_line": 1}}}, "src/skill_creator_mcp/utils/analyzers.py": {"executed_lines": [3, 4, 5, 6, 8, 24, 33, 35, 36, 37, 40, 41, 42, 44, 45, 47, 48, 49, 50, 53, 54, 56, 63, 73, 75, 76, 77, 78, 79, 80, 81, 82, 83, 84, 85, 86, 87, 88, 90, 93, 102, 104, 105, 107, 108, 109, 111, 113, 116, 117, 118, 119, 120, 121, 123, 126, 133, 140, 149, 151, 152, 153, 154, 155, 156, 157, 158, 159, 161, 164, 173, 176, 179, 182, 184, 186, 194, 203, 206, 207, 210, 211, 214, 215, 218, 219, 223, 224, 226, 227, 228, 229, 230, 231, 232, 233, 234, 235, 238, 239, 241, 244, 253, 256, 257, 259, 260, 261, 262, 263, 264, 265, 268, 269, 270, 271, 272, 274, 277, 286, 289, 290, 292, 296, 297, 298, 299, 301, 302, 305, 306, 307, 311, 312, 314, 317, 332, 335, 336, 338, 339, 341, 342, 345, 346, 351, 352, 358, 359, 361, 362, 364, 367, 377, 380, 381, 382, 383, 384, 385, 386, 388, 391, 392, 393, 394, 395, 397, 399], "summary": {"covered_lines": 169, "num_statements": 169, "percent_covered": 100.0, "percent_covered_display": "100", "missing_lines": 0, "excluded_lines": 2, "percent_statements_covered": 100.0, "percent_statements_covered_display": "100"}, "missing_lines": [], "excluded_lines": [16, 17], "functions": {"_analyze_structure": {"executed_lines": [33, 35, 36, 37, 40, 41, 42, 44, 45, 47, 48, 49, 50, 53, 54, 56], "summary": {"covered_lines": 16, "num_statements": 16, "percent_covered": 100.0, "percent_covered_display": "100", "missing_lines": 0, "excluded_lines": 0, "percent_statements_covered": 100.0, "percent_statements_covered_display": "100"}, "missing_lines": [], "excluded_lines": [], "start_line": 24}, "_categorize_file": {"executed_lines": [73, 75, 76, 77, 78, 79, 80, 81, 82, 83, 84, 85, 86, 87, 88, 90], "summary": {"covered_lines": 16, "num_statements": 16, "percent_covered": 100.0, "percent_covered_display": "100", "missing_lines": 0, "excluded_lines": 0, "percent_statements_covered": 100.0, "percent_statements_covered_display": "100"}, "missing_lines": [], "excluded_lines": [], "start_line": 63}, "_analyze_complexity": {"executed_lines": [102, 104, 105, 107, 108, 109, 111, 113, 116, 117, 118, 119, 120, 121, 123, 126, 133], "summary": {"covered_lines": 17, "num_statements": 17, "percent_covered": 100.0, "percent_covered_display": "100", "missing_lines": 0, "excluded_lines": 0, "percent_statements_covered": 100.0, "percent_statements_covered_display": "100"}, "missing_lines": [], "excluded_lines": [], "start_line": 93}, "_calculate_cyclomatic_complexity": {"executed_lines": [149, 151, 152, 153, 154, 155, 156, 157, 158, 159, 161], "summary": {"covered_lines": 11, "num_statements": 11, "percent_covered": 100.0, "percent_covered_display": "100", "missing_lines": 0, "excluded_lines": 0, "percent_statements_covered": 100.0, "percent_statements_covered_display": "100"}, "missing_lines": [], "excluded_lines": [], "start_line": 140}, "_analyze_quality": {"executed_lines": [173, 176, 179, 182, 184, 186], "summary": {"covered_lines": 6, "num_statements": 6, "percent_covered": 100.0, "percent_covered_display": "100", "missing_lines": 0, "excluded_lines": 0, "percent_statements_covered": 100.0, "percent_statements_covered_display": "100"}, "missing_lines": [], "excluded_lines": [], "start_line": 164}, "_calculate_structure_score": {"executed_lines": [203, 206, 207, 210, 211, 214, 215, 218, 219, 223, 224, 226, 227, 228, 229, 230, 231, 232, 233, 234, 235, 238, 239, 241], "summary": {"covered_lines": 24, "num_statements": 24, "percent_covered": 100.0, "percent_covered_display": "100", "missing_lines": 0, "excluded_lines": 0, "percent_statements_covered": 100.0, "percent_statements_covered_display": "100"}, "missing_lines": [], "excluded_lines": [], "start_line": 194}, "_calculate_documentation_score": {"executed_lines": [253, 256, 257, 259, 260, 261, 262, 263, 264, 265, 268, 269, 270, 271, 272, 274], "summary": {"covered_lines": 16, "num_statements": 16, "percent_covered": 100.0, "percent_covered_display": "100", "missing_lines": 0, "excluded_lines": 0, "percent_statements_covered": 100.0, "percent_statements_covered_display": "100"}, "missing_lines": [], "excluded_lines": [], "start_line": 244}, "_calculate_test_score": {"executed_lines": [286, 289, 290, 292, 296, 297, 298, 299, 301, 302, 305, 306, 307, 311, 312, 314], "summary": {"covered_lines": 16, "num_statements": 16, "percent_covered": 100.0, "percent_covered_display": "100", "missing_lines": 0, "excluded_lines": 0, "percent_statements_covered": 100.0, "percent_statements_covered_display": "100"}, "missing_lines": [], "excluded_lines": [], "start_line": 277}, "_generate_suggestions": {"executed_lines": [332, 335, 336, 338, 339, 341, 342, 345, 346, 351, 352, 358, 359, 361, 362, 364], "summary": {"covered_lines": 16, "num_statements": 16, "percent_covered": 100.0, "percent_covered_display": "100", "missing_lines": 0, "excluded_lines": 0, "percent_statements_covered": 100.0, "percent_statements_covered_display": "100"}, "missing_lines": [], "excluded_lines": [], "start_line": 317}, "_generate_analysis_summary": {"executed_lines": [377, 380, 381, 382, 383, 384, 385, 386, 388, 391, 392, 393, 394, 395, 397, 399], "summary": {"covered_lines": 16, "num_statements": 16, "percent_covered": 100.0, "percent_covered_display": "100", "missing_lines": 0, "excluded_lines": 0, "percent_statements_covered": 100.0, "percent_statements_covered_display": "100"}, "missing_lines": [], "excluded_lines": [], "start_line": 367}, "": {"executed_lines": [3, 4, 5, 6, 8, 24, 63, 93, 140, 164, 194, 244, 277, 317, 367], "summary": {"covered_lines": 15, "num_statements": 15, "percent_covered": 100.0, "percent_covered_display": "100", "missing_lines": 0, "excluded_lines": 2, "percent_statements_covered": 100.0, "percent_statements_covered_display": "100"}, "missing_lines": [], "excluded_lines": [16, 17], "start_line": 1}}, "classes": {"": {"executed_lines": [3, 4, 5, 6, 8, 24, 33, 35, 36, 37, 40, 41, 42, 44, 45, 47, 48, 49, 50, 53, 54, 56, 63, 73, 75, 76, 77, 78, 79, 80, 81, 82, 83, 84, 85, 86, 87, 88, 90, 93, 102, 104, 105, 107, 108, 109, 111, 113, 116, 117, 118, 119, 120, 121, 123, 126, 133, 140, 149, 151, 152, 153, 154, 155, 156, 157, 158, 159, 161, 164, 173, 176, 179, 182, 184, 186, 194, 203, 206, 207, 210, 211, 214, 215, 218, 219, 223, 224, 226, 227, 228, 229, 230, 231, 232, 233, 234, 235, 238, 239, 241, 244, 253, 256, 257, 259, 260, 261, 262, 263, 264, 265, 268, 269, 270, 271, 272, 274, 277, 286, 289, 290, 292, 296, 297, 298, 299, 301, 302, 305, 306, 307, 311, 312, 314, 317, 332, 335, 336, 338, 339, 341, 342, 345, 346, 351, 352, 358, 359, 361, 362, 364, 367, 377, 380, 381, 382, 383, 384, 385, 386, 388, 391, 392, 393, 394, 395, 397, 399], "summary": {"covered_lines": 169, "num_statements": 169, "percent_covered": 100.0, "percent_covered_display": "100", "missing_lines": 0, "excluded_lines": 2, "percent_statements_covered": 100.0, "percent_statements_covered_display": "100"}, "missing_lines": [], "excluded_lines": [16, 17], "start_line": 1}}}, "src/skill_creator_mcp/utils/file_ops.py": {"executed_lines": [3, 4, 7, 22, 25, 33, 34, 36, 39, 54, 57, 65, 66, 68, 71, 84, 87, 99, 102, 115, 118, 131], "summary": {"covered_lines": 22, "num_statements": 22, "percent_covered": 100.0, "percent_covered_display": "100", "missing_lines": 0, "excluded_lines": 0, "percent_statements_covered": 100.0, "percent_statements_covered_display": "100"}, "missing_lines": [], "excluded_lines": [], "functions": {"create_directory_structure_async": {"executed_lines": [22, 25, 33, 34, 36], "summary": {"covered_lines": 5, "num_statements": 5, "percent_covered": 100.0, "percent_covered_display": "100", "missing_lines": 0, "excluded_lines": 0, "percent_statements_covered": 100.0, "percent_statements_covered_display": "100"}, "missing_lines": [], "excluded_lines": [], "start_line": 7}, "create_directory_structure": {"executed_lines": [54, 57, 65, 66, 68], "summary": {"covered_lines": 5, "num_statements": 5, "percent_covered": 100.0, "percent_covered_display": "100", "missing_lines": 0, "excluded_lines": 0, "percent_statements_covered": 100.0, "percent_statements_covered_display": "100"}, "missing_lines": [], "excluded_lines": [], "start_line": 39}, "write_file_async": {"executed_lines": [84], "summary": {"covered_lines": 1, "num_statements": 1, "percent_covered": 100.0, "percent_covered_display": "100", "missing_lines": 0, "excluded_lines": 0, "percent_statements_covered": 100.0, "percent_statements_covered_display": "100"}, "missing_lines": [], "excluded_lines": [], "start_line": 71}, "write_file": {"executed_lines": [99], "summary": {"covered_lines": 1, "num_statements": 1, "percent_covered": 100.0, "percent_covered_display": "100", "missing_lines": 0, "excluded_lines": 0, "percent_statements_covered": 100.0, "percent_statements_covered_display": "100"}, "missing_lines": [], "excluded_lines": [], "start_line": 87}, "read_file_async": {"executed_lines": [115], "summary": {"covered_lines": 1, "num_statements": 1, "percent_covered": 100.0, "percent_covered_display": "100", "missing_lines": 0, "excluded_lines": 0, "percent_statements_covered": 100.0, "percent_statements_covered_display": "100"}, "missing_lines": [], "excluded_lines": [], "start_line": 102}, "read_file": {"executed_lines": [131], "summary": {"covered_lines": 1, "num_statements": 1, "percent_covered": 100.0, "percent_covered_display": "100", "missing_lines": 0, "excluded_lines": 0, "percent_statements_covered": 100.0, "percent_statements_covered_display": "100"}, "missing_lines": [], "excluded_lines": [], "start_line": 118}, "": {"executed_lines": [3, 4, 7, 39, 71, 87, 102, 118], "summary": {"covered_lines": 8, "num_statements": 8, "percent_covered": 100.0, "percent_covered_display": "100", "missing_lines": 0, "excluded_lines": 0, "percent_statements_covered": 100.0, "percent_statements_covered_display": "100"}, "missing_lines": [], "excluded_lines": [], "start_line": 1}}, "classes": {"": {"executed_lines": [3, 4, 7, 22, 25, 33, 34, 36, 39, 54, 57, 65, 66, 68, 71, 84, 87, 99, 102, 115, 118, 131], "summary": {"covered_lines": 22, "num_statements": 22, "percent_covered": 100.0, "percent_covered_display": "100", "missing_lines": 0, "excluded_lines": 0, "percent_statements_covered": 100.0, "percent_statements_covered_display": "100"}, "missing_lines": [], "excluded_lines": [], "start_line": 1}}}, "src/skill_creator_mcp/utils/packagers.py": {"executed_lines": [3, 4, 5, 6, 7, 13, 32, 34, 35, 38, 39, 46, 47, 54, 55, 58, 59, 66, 67, 68, 70, 71, 72, 73, 75, 76, 79, 80, 90, 93, 94, 95, 96, 97, 99, 101, 104, 107, 108, 109, 110, 111, 113, 121, 123, 134, 135, 143, 153, 156, 174, 175, 176, 178, 181, 182, 184, 186, 189, 204, 207, 208, 210, 211, 212, 215, 216, 219, 220, 221, 222, 223, 224, 226, 229, 241, 242, 243, 244, 245, 248, 262, 264, 265, 266, 267, 268, 271, 288, 289, 290, 291, 292, 293, 294, 296, 297, 298, 299, 300, 301, 302, 303, 304, 305, 306, 307, 308, 309, 310, 311, 313, 316, 325, 326, 327, 328, 329, 330], "summary": {"covered_lines": 119, "num_statements": 119, "percent_covered": 100.0, "percent_covered_display": "100", "missing_lines": 0, "excluded_lines": 2, "percent_statements_covered": 100.0, "percent_statements_covered_display": "100"}, "missing_lines": [], "excluded_lines": [9, 10], "functions": {"package_skill": {"executed_lines": [32, 34, 35, 38, 39, 46, 47, 54, 55, 58, 59, 66, 67, 68, 70, 71, 72, 73, 75, 76, 79, 80, 90, 93, 94, 95, 96, 97, 99, 101, 104, 107, 108, 109, 110, 111, 113, 121, 123, 134, 135], "summary": {"covered_lines": 41, "num_statements": 41, "percent_covered": 100.0, "percent_covered_display": "100", "missing_lines": 0, "excluded_lines": 0, "percent_statements_covered": 100.0, "percent_statements_covered_display": "100"}, "missing_lines": [], "excluded_lines": [], "start_line": 13}, "_collect_files": {"executed_lines": [153, 156, 174, 175, 176, 178, 181, 182, 184, 186], "summary": {"covered_lines": 10, "num_statements": 10, "percent_covered": 100.0, "percent_covered_display": "100", "missing_lines": 0, "excluded_lines": 0, "percent_statements_covered": 100.0, "percent_statements_covered_display": "100"}, "missing_lines": [], "excluded_lines": [], "start_line": 143}, "_should_exclude": {"executed_lines": [204, 207, 208, 210, 211, 212, 215, 216, 219, 220, 221, 222, 223, 224, 226], "summary": {"covered_lines": 15, "num_statements": 15, "percent_covered": 100.0, "percent_covered_display": "100", "missing_lines": 0, "excluded_lines": 0, "percent_statements_covered": 100.0, "percent_statements_covered_display": "100"}, "missing_lines": [], "excluded_lines": [], "start_line": 189}, "_create_zip_package": {"executed_lines": [241, 242, 243, 244, 245], "summary": {"covered_lines": 5, "num_statements": 5, "percent_covered": 100.0, "percent_covered_display": "100", "missing_lines": 0, "excluded_lines": 0, "percent_statements_covered": 100.0, "percent_statements_covered_display": "100"}, "missing_lines": [], "excluded_lines": [], "start_line": 229}, "_create_tar_package": {"executed_lines": [262, 264, 265, 266, 267, 268], "summary": {"covered_lines": 6, "num_statements": 6, "percent_covered": 100.0, "percent_covered_display": "100", "missing_lines": 0, "excluded_lines": 0, "percent_statements_covered": 100.0, "percent_statements_covered_display": "100"}, "missing_lines": [], "excluded_lines": [], "start_line": 248}, "generate_package_manifest": {"executed_lines": [288, 289, 290, 291, 292, 293, 294, 296, 297, 298, 299, 300, 301, 302, 303, 304, 305, 306, 307, 308, 309, 310, 311, 313], "summary": {"covered_lines": 24, "num_statements": 24, "percent_covered": 100.0, "percent_covered_display": "100", "missing_lines": 0, "excluded_lines": 0, "percent_statements_covered": 100.0, "percent_statements_covered_display": "100"}, "missing_lines": [], "excluded_lines": [], "start_line": 271}, "_format_size": {"executed_lines": [325, 326, 327, 328, 329, 330], "summary": {"covered_lines": 6, "num_statements": 6, "percent_covered": 100.0, "percent_covered_display": "100", "missing_lines": 0, "excluded_lines": 0, "percent_statements_covered": 100.0, "percent_statements_covered_display": "100"}, "missing_lines": [], "excluded_lines": [], "start_line": 316}, "": {"executed_lines": [3, 4, 5, 6, 7, 13, 143, 189, 229, 248, 271, 316], "summary": {"covered_lines": 12, "num_statements": 12, "percent_covered": 100.0, "percent_covered_display": "100", "missing_lines": 0, "excluded_lines": 2, "percent_statements_covered": 100.0, "percent_statements_covered_display": "100"}, "missing_lines": [], "excluded_lines": [9, 10], "start_line": 1}}, "classes": {"": {"executed_lines": [3, 4, 5, 6, 7, 13, 32, 34, 35, 38, 39, 46, 47, 54, 55, 58, 59, 66, 67, 68, 70, 71, 72, 73, 75, 76, 79, 80, 90, 93, 94, 95, 96, 97, 99, 101, 104, 107, 108, 109, 110, 111, 113, 121, 123, 134, 135, 143, 153, 156, 174, 175, 176, 178, 181, 182, 184, 186, 189, 204, 207, 208, 210, 211, 212, 215, 216, 219, 220, 221, 222, 223, 224, 226, 229, 241, 242, 243, 244, 245, 248, 262, 264, 265, 266, 267, 268, 271, 288, 289, 290, 291, 292, 293, 294, 296, 297, 298, 299, 300, 301, 302, 303, 304, 305, 306, 307, 308, 309, 310, 311, 313, 316, 325, 326, 327, 328, 329, 330], "summary": {"covered_lines": 119, "num_statements": 119, "percent_covered": 100.0, "percent_covered_display": "100", "missing_lines": 0, "excluded_lines": 2, "percent_statements_covered": 100.0, "percent_statements_covered_display": "100"}, "missing_lines": [], "excluded_lines": [9, 10], "start_line": 1}}}, "src/skill_creator_mcp/utils/refactorors.py": {"executed_lines": [3, 4, 6, 22, 41, 44, 45, 46, 47, 50, 51, 64, 65, 75, 76, 86, 87, 97, 98, 108, 109, 119, 120, 130, 131, 132, 133, 134, 147, 148, 149, 150, 151, 152, 166, 168, 169, 172, 185, 186, 189, 198, 199, 200, 201, 202, 205, 206, 207, 208, 210, 214, 215, 217, 220, 228, 229, 230, 231, 232, 242, 261, 262, 264, 265, 266, 267, 268, 269, 270, 271, 273, 274, 275, 276, 277, 279, 280, 281, 282, 283, 284, 287, 288, 289, 291, 293, 294, 295, 296, 297, 298, 299, 301, 302, 303, 304, 305, 306, 307, 309, 310, 311, 312, 313, 314, 315, 317, 318, 320, 322, 323, 324, 325, 326, 328, 329, 330, 331, 332, 334, 335, 336, 337, 338, 340, 343, 352, 354, 358, 362, 367], "summary": {"covered_lines": 132, "num_statements": 132, "percent_covered": 100.0, "percent_covered_display": "100", "missing_lines": 0, "excluded_lines": 2, "percent_statements_covered": 100.0, "percent_statements_covered_display": "100"}, "missing_lines": [], "excluded_lines": [14, 15], "functions": {"generate_refactor_suggestions": {"executed_lines": [41, 44, 45, 46, 47, 50, 51, 64, 65, 75, 76, 86, 87, 97, 98, 108, 109, 119, 120, 130, 131, 132, 133, 134, 147, 148, 149, 150, 151, 152, 166, 168, 169], "summary": {"covered_lines": 33, "num_statements": 33, "percent_covered": 100.0, "percent_covered_display": "100", "missing_lines": 0, "excluded_lines": 0, "percent_statements_covered": 100.0, "percent_statements_covered_display": "100"}, "missing_lines": [], "excluded_lines": [], "start_line": 22}, "_filter_suggestions_by_focus": {"executed_lines": [185, 186, 189, 198, 199, 200, 201, 202, 205, 206, 207, 208, 210, 214, 215, 217], "summary": {"covered_lines": 16, "num_statements": 16, "percent_covered": 100.0, "percent_covered_display": "100", "missing_lines": 0, "excluded_lines": 0, "percent_statements_covered": 100.0, "percent_statements_covered_display": "100"}, "missing_lines": [], "excluded_lines": [], "start_line": 172}, "_check_duplication_patterns": {"executed_lines": [228, 229, 230, 231, 232], "summary": {"covered_lines": 5, "num_statements": 5, "percent_covered": 100.0, "percent_covered_display": "100", "missing_lines": 0, "excluded_lines": 0, "percent_statements_covered": 100.0, "percent_statements_covered_display": "100"}, "missing_lines": [], "excluded_lines": [], "start_line": 220}, "generate_refactor_report": {"executed_lines": [261, 262, 264, 265, 266, 267, 268, 269, 270, 271, 273, 274, 275, 276, 277, 279, 280, 281, 282, 283, 284, 287, 288, 289, 291, 293, 294, 295, 296, 297, 298, 299, 301, 302, 303, 304, 305, 306, 307, 309, 310, 311, 312, 313, 314, 315, 317, 318, 320, 322, 323, 324, 325, 326, 328, 329, 330, 331, 332, 334, 335, 336, 337, 338, 340], "summary": {"covered_lines": 65, "num_statements": 65, "percent_covered": 100.0, "percent_covered_display": "100", "missing_lines": 0, "excluded_lines": 0, "percent_statements_covered": 100.0, "percent_statements_covered_display": "100"}, "missing_lines": [], "excluded_lines": [], "start_line": 242}, "estimate_refactor_effort": {"executed_lines": [352, 354, 358, 362, 367], "summary": {"covered_lines": 5, "num_statements": 5, "percent_covered": 100.0, "percent_covered_display": "100", "missing_lines": 0, "excluded_lines": 0, "percent_statements_covered": 100.0, "percent_statements_covered_display": "100"}, "missing_lines": [], "excluded_lines": [], "start_line": 343}, "": {"executed_lines": [3, 4, 6, 22, 172, 220, 242, 343], "summary": {"covered_lines": 8, "num_statements": 8, "percent_covered": 100.0, "percent_covered_display": "100", "missing_lines": 0, "excluded_lines": 2, "percent_statements_covered": 100.0, "percent_statements_covered_display": "100"}, "missing_lines": [], "excluded_lines": [14, 15], "start_line": 1}}, "classes": {"": {"executed_lines": [3, 4, 6, 22, 41, 44, 45, 46, 47, 50, 51, 64, 65, 75, 76, 86, 87, 97, 98, 108, 109, 119, 120, 130, 131, 132, 133, 134, 147, 148, 149, 150, 151, 152, 166, 168, 169, 172, 185, 186, 189, 198, 199, 200, 201, 202, 205, 206, 207, 208, 210, 214, 215, 217, 220, 228, 229, 230, 231, 232, 242, 261, 262, 264, 265, 266, 267, 268, 269, 270, 271, 273, 274, 275, 276, 277, 279, 280, 281, 282, 283, 284, 287, 288, 289, 291, 293, 294, 295, 296, 297, 298, 299, 301, 302, 303, 304, 305, 306, 307, 309, 310, 311, 312, 313, 314, 315, 317, 318, 320, 322, 323, 324, 325, 326, 328, 329, 330, 331, 332, 334, 335, 336, 337, 338, 340, 343, 352, 354, 358, 362, 367], "summary": {"covered_lines": 132, "num_statements": 132, "percent_covered": 100.0, "percent_covered_display": "100", "missing_lines": 0, "excluded_lines": 2, "percent_statements_covered": 100.0, "percent_statements_covered_display": "100"}, "missing_lines": [], "excluded_lines": [14, 15], "start_line": 1}}}, "src/skill_creator_mcp/utils/validators.py": {"executed_lines": [3, 4, 6, 8, 11, 19, 32, 46, 47, 48, 54, 63, 64, 66, 67, 68, 71, 83, 84, 85, 89, 95, 104, 105, 108, 109, 110, 111, 112, 113, 116, 117, 118, 119, 120, 121, 123, 124, 126, 129, 138, 139, 142, 143, 144, 145, 148, 149, 150, 152, 153, 154, 155, 156, 159, 161, 164, 173, 174, 175, 177, 178, 179, 180, 182, 185, 186, 187, 190, 191, 192, 193, 194, 196, 199, 205, 206, 207, 210, 211, 212, 213, 214, 215, 218, 220, 221, 222, 223, 224, 225, 226, 227, 228, 229, 232, 235, 237, 238, 240, 241, 242, 244, 247, 257, 259, 260, 262, 263, 265, 266, 267, 268, 270], "summary": {"covered_lines": 114, "num_statements": 115, "percent_covered": 99.1304347826087, "percent_covered_display": "99", "missing_lines": 1, "excluded_lines": 0, "percent_statements_covered": 99.1304347826087, "percent_statements_covered_display": "99"}, "missing_lines": [230], "excluded_lines": [], "functions": {"validate_skill_name": {"executed_lines": [46, 47, 48], "summary": {"covered_lines": 3, "num_statements": 3, "percent_covered": 100.0, "percent_covered_display": "100", "missing_lines": 0, "excluded_lines": 0, "percent_statements_covered": 100.0, "percent_statements_covered_display": "100"}, "missing_lines": [], "excluded_lines": [], "start_line": 32}, "validate_skill_directory": {"executed_lines": [63, 64, 66, 67, 68], "summary": {"covered_lines": 5, "num_statements": 5, "percent_covered": 100.0, "percent_covered_display": "100", "missing_lines": 0, "excluded_lines": 0, "percent_statements_covered": 100.0, "percent_statements_covered_display": "100"}, "missing_lines": [], "excluded_lines": [], "start_line": 54}, "validate_template_type": {"executed_lines": [83, 84, 85, 89], "summary": {"covered_lines": 4, "num_statements": 4, "percent_covered": 100.0, "percent_covered_display": "100", "missing_lines": 0, "excluded_lines": 0, "percent_statements_covered": 100.0, "percent_statements_covered_display": "100"}, "missing_lines": [], "excluded_lines": [], "start_line": 71}, "_validate_structure": {"executed_lines": [104, 105, 108, 109, 110, 111, 112, 113, 116, 117, 118, 119, 120, 121, 123, 124, 126], "summary": {"covered_lines": 17, "num_statements": 17, "percent_covered": 100.0, "percent_covered_display": "100", "missing_lines": 0, "excluded_lines": 0, "percent_statements_covered": 100.0, "percent_statements_covered_display": "100"}, "missing_lines": [], "excluded_lines": [], "start_line": 95}, "_validate_naming": {"executed_lines": [138, 139, 142, 143, 144, 145, 148, 149, 150, 152, 153, 154, 155, 156, 159, 161], "summary": {"covered_lines": 16, "num_statements": 16, "percent_covered": 100.0, "percent_covered_display": "100", "missing_lines": 0, "excluded_lines": 0, "percent_statements_covered": 100.0, "percent_statements_covered_display": "100"}, "missing_lines": [], "excluded_lines": [], "start_line": 129}, "_validate_skill_md": {"executed_lines": [173, 174, 175, 177, 178, 179, 180, 182, 185, 186, 187, 190, 191, 192, 193, 194, 196, 199, 205, 206, 207, 210, 211, 212, 213, 214, 215, 218, 220, 221, 222, 223, 224, 225, 226, 227, 228, 229, 232, 235, 237, 238, 240, 241, 242, 244], "summary": {"covered_lines": 46, "num_statements": 47, "percent_covered": 97.87234042553192, "percent_covered_display": "98", "missing_lines": 1, "excluded_lines": 0, "percent_statements_covered": 97.87234042553192, "percent_statements_covered_display": "98"}, "missing_lines": [230], "excluded_lines": [], "start_line": 164}, "_validate_template_requirements": {"executed_lines": [257, 259, 260, 262, 263, 265, 266, 267, 268, 270], "summary": {"covered_lines": 10, "num_statements": 10, "percent_covered": 100.0, "percent_covered_display": "100", "missing_lines": 0, "excluded_lines": 0, "percent_statements_covered": 100.0, "percent_statements_covered_display": "100"}, "missing_lines": [], "excluded_lines": [], "start_line": 247}, "": {"executed_lines": [3, 4, 6, 8, 11, 19, 32, 54, 71, 95, 129, 164, 247], "summary": {"covered_lines": 13, "num_statements": 13, "percent_covered": 100.0, "percent_covered_display": "100", "missing_lines": 0, "excluded_lines": 0, "percent_statements_covered": 100.0, "percent_statements_covered_display": "100"}, "missing_lines": [], "excluded_lines": [], "start_line": 1}}, "classes": {"": {"executed_lines": [3, 4, 6, 8, 11, 19, 32, 46, 47, 48, 54, 63, 64, 66, 67, 68, 71, 83, 84, 85, 89, 95, 104, 105, 108, 109, 110, 111, 112, 113, 116, 117, 118, 119, 120, 121, 123, 124, 126, 129, 138, 139, 142, 143, 144, 145, 148, 149, 150, 152, 153, 154, 155, 156, 159, 161, 164, 173, 174, 175, 177, 178, 179, 180, 182, 185, 186, 187, 190, 191, 192, 193, 194, 196, 199, 205, 206, 207, 210, 211, 212, 213, 214, 215, 218, 220, 221, 222, 223, 224, 225, 226, 227, 228, 229, 232, 235, 237, 238, 240, 241, 242, 244, 247, 257, 259, 260, 262, 263, 265, 266, 267, 268, 270], "summary": {"covered_lines": 114, "num_statements": 115, "percent_covered": 99.1304347826087, "percent_covered_display": "99", "missing_lines": 1, "excluded_lines": 0, "percent_statements_covered": 99.1304347826087, "percent_statements_covered_display": "99"}, "missing_lines": [230], "excluded_lines": [], "start_line": 1}}}}, "totals": {"covered_lines": 1086, "num_statements": 1093, "percent_covered": 99.35956084172004, "percent_covered_display": "99", "missing_lines": 7, "excluded_lines": 12, "percent_statements_covered": 99.35956084172004, "percent_statements_covered_display": "99"}}