{"meta": {"format": 3, "version": "7.13.1", "timestamp": "2026-01-26T12:13:49.211474", "branch_coverage": false, "show_contexts": false}, "files": {"src/skill_creator_mcp/__init__.py": {"executed_lines": [], "summary": {"covered_lines": 0, "num_statements": 5, "percent_covered": 0.0, "percent_covered_display": "0", "missing_lines": 5, "excluded_lines": 0, "percent_statements_covered": 0.0, "percent_statements_covered_display": "0"}, "missing_lines": [3, 5, 6, 7, 9], "excluded_lines": [], "functions": {"": {"executed_lines": [], "summary": {"covered_lines": 0, "num_statements": 5, "percent_covered": 0.0, "percent_covered_display": "0", "missing_lines": 5, "excluded_lines": 0, "percent_statements_covered": 0.0, "percent_statements_covered_display": "0"}, "missing_lines": [3, 5, 6, 7, 9], "excluded_lines": [], "start_line": 1}}, "classes": {"": {"executed_lines": [], "summary": {"covered_lines": 0, "num_statements": 5, "percent_covered": 0.0, "percent_covered_display": "0", "missing_lines": 5, "excluded_lines": 0, "percent_statements_covered": 0.0, "percent_statements_covered_display": "0"}, "missing_lines": [3, 5, 6, 7, 9], "excluded_lines": [], "start_line": 1}}}, "src/skill_creator_mcp/__main__.py": {"executed_lines": [], "summary": {"covered_lines": 0, "num_statements": 15, "percent_covered": 0.0, "percent_covered_display": "0", "missing_lines": 15, "excluded_lines": 2, "percent_statements_covered": 0.0, "percent_statements_covered_display": "0"}, "missing_lines": [22, 24, 25, 26, 29, 44, 47, 53, 56, 57, 58, 60, 61, 63, 64], "excluded_lines": [67, 68], "functions": {"main": {"executed_lines": [], "summary": {"covered_lines": 0, "num_statements": 10, "percent_covered": 0.0, "percent_covered_display": "0", "missing_lines": 10, "excluded_lines": 0, "percent_statements_covered": 0.0, "percent_statements_covered_display": "0"}, "missing_lines": [44, 47, 53, 56, 57, 58, 60, 61, 63, 64], "excluded_lines": [], "start_line": 29}, "": {"executed_lines": [], "summary": {"covered_lines": 0, "num_statements": 5, "percent_covered": 0.0, "percent_covered_display": "0", "missing_lines": 5, "excluded_lines": 2, "percent_statements_covered": 0.0, "percent_statements_covered_display": "0"}, "missing_lines": [22, 24, 25, 26, 29], "excluded_lines": [67, 68], "start_line": 1}}, "classes": {"": {"executed_lines": [], "summary": {"covered_lines": 0, "num_statements": 15, "percent_covered": 0.0, "percent_covered_display": "0", "missing_lines": 15, "excluded_lines": 2, "percent_statements_covered": 0.0, "percent_statements_covered_display": "0"}, "missing_lines": [22, 24, 25, 26, 29, 44, 47, 53, 56, 57, 58, 60, 61, 63, 64], "excluded_lines": [67, 68], "start_line": 1}}}, "src/skill_creator_mcp/config.py": {"executed_lines": [], "summary": {"covered_lines": 0, "num_statements": 59, "percent_covered": 0.0, "percent_covered_display": "0", "missing_lines": 59, "excluded_lines": 0, "percent_statements_covered": 0.0, "percent_statements_covered_display": "0"}, "missing_lines": [14, 15, 16, 19, 20, 23, 26, 30, 33, 36, 39, 42, 43, 45, 46, 48, 50, 51, 53, 55, 56, 58, 60, 61, 63, 65, 66, 68, 70, 71, 73, 75, 81, 84, 85, 86, 92, 93, 94, 100, 101, 103, 104, 109, 110, 112, 116, 119, 131, 132, 134, 135, 136, 138, 142, 145, 152, 153, 156], "excluded_lines": [], "functions": {"Config.__init__": {"executed_lines": [], "summary": {"covered_lines": 0, "num_statements": 6, "percent_covered": 0.0, "percent_covered_display": "0", "missing_lines": 6, "excluded_lines": 0, "percent_statements_covered": 0.0, "percent_statements_covered_display": "0"}, "missing_lines": [30, 33, 36, 39, 42, 43], "excluded_lines": [], "start_line": 26}, "Config.log_level": {"executed_lines": [], "summary": {"covered_lines": 0, "num_statements": 1, "percent_covered": 0.0, "percent_covered_display": "0", "missing_lines": 1, "excluded_lines": 0, "percent_statements_covered": 0.0, "percent_statements_covered_display": "0"}, "missing_lines": [48], "excluded_lines": [], "start_line": 46}, "Config.log_format": {"executed_lines": [], "summary": {"covered_lines": 0, "num_statements": 1, "percent_covered": 0.0, "percent_covered_display": "0", "missing_lines": 1, "excluded_lines": 0, "percent_statements_covered": 0.0, "percent_statements_covered_display": "0"}, "missing_lines": [53], "excluded_lines": [], "start_line": 51}, "Config.log_file": {"executed_lines": [], "summary": {"covered_lines": 0, "num_statements": 1, "percent_covered": 0.0, "percent_covered_display": "0", "missing_lines": 1, "excluded_lines": 0, "percent_statements_covered": 0.0, "percent_statements_covered_display": "0"}, "missing_lines": [58], "excluded_lines": [], "start_line": 56}, "Config.output_dir": {"executed_lines": [], "summary": {"covered_lines": 0, "num_statements": 1, "percent_covered": 0.0, "percent_covered_display": "0", "missing_lines": 1, "excluded_lines": 0, "percent_statements_covered": 0.0, "percent_statements_covered_display": "0"}, "missing_lines": [63], "excluded_lines": [], "start_line": 61}, "Config.max_retries": {"executed_lines": [], "summary": {"covered_lines": 0, "num_statements": 1, "percent_covered": 0.0, "percent_covered_display": "0", "missing_lines": 1, "excluded_lines": 0, "percent_statements_covered": 0.0, "percent_statements_covered_display": "0"}, "missing_lines": [68], "excluded_lines": [], "start_line": 66}, "Config.timeout_seconds": {"executed_lines": [], "summary": {"covered_lines": 0, "num_statements": 1, "percent_covered": 0.0, "percent_covered_display": "0", "missing_lines": 1, "excluded_lines": 0, "percent_statements_covered": 0.0, "percent_statements_covered_display": "0"}, "missing_lines": [73], "excluded_lines": [], "start_line": 71}, "Config.validate": {"executed_lines": [], "summary": {"covered_lines": 0, "num_statements": 14, "percent_covered": 0.0, "percent_covered_display": "0", "missing_lines": 14, "excluded_lines": 0, "percent_statements_covered": 0.0, "percent_statements_covered_display": "0"}, "missing_lines": [81, 84, 85, 86, 92, 93, 94, 100, 101, 103, 104, 109, 110, 112], "excluded_lines": [], "start_line": 75}, "get_config": {"executed_lines": [], "summary": {"covered_lines": 0, "num_statements": 7, "percent_covered": 0.0, "percent_covered_display": "0", "missing_lines": 7, "excluded_lines": 0, "percent_statements_covered": 0.0, "percent_statements_covered_display": "0"}, "missing_lines": [131, 132, 134, 135, 136, 138, 142], "excluded_lines": [], "start_line": 119}, "reload_config": {"executed_lines": [], "summary": {"covered_lines": 0, "num_statements": 2, "percent_covered": 0.0, "percent_covered_display": "0", "missing_lines": 2, "excluded_lines": 0, "percent_statements_covered": 0.0, "percent_statements_covered_display": "0"}, "missing_lines": [152, 153], "excluded_lines": [], "start_line": 145}, "": {"executed_lines": [], "summary": {"covered_lines": 0, "num_statements": 24, "percent_covered": 0.0, "percent_covered_display": "0", "missing_lines": 24, "excluded_lines": 0, "percent_statements_covered": 0.0, "percent_statements_covered_display": "0"}, "missing_lines": [14, 15, 16, 19, 20, 23, 26, 45, 46, 50, 51, 55, 56, 60, 61, 65, 66, 70, 71, 75, 116, 119, 145, 156], "excluded_lines": [], "start_line": 1}}, "classes": {"Config": {"executed_lines": [], "summary": {"covered_lines": 0, "num_statements": 26, "percent_covered": 0.0, "percent_covered_display": "0", "missing_lines": 26, "excluded_lines": 0, "percent_statements_covered": 0.0, "percent_statements_covered_display": "0"}, "missing_lines": [30, 33, 36, 39, 42, 43, 48, 53, 58, 63, 68, 73, 81, 84, 85, 86, 92, 93, 94, 100, 101, 103, 104, 109, 110, 112], "excluded_lines": [], "start_line": 23}, "": {"executed_lines": [], "summary": {"covered_lines": 0, "num_statements": 33, "percent_covered": 0.0, "percent_covered_display": "0", "missing_lines": 33, "excluded_lines": 0, "percent_statements_covered": 0.0, "percent_statements_covered_display": "0"}, "missing_lines": [14, 15, 16, 19, 20, 23, 26, 45, 46, 50, 51, 55, 56, 60, 61, 65, 66, 70, 71, 75, 116, 119, 131, 132, 134, 135, 136, 138, 142, 145, 152, 153, 156], "excluded_lines": [], "start_line": 1}}}, "src/skill_creator_mcp/constants.py": {"executed_lines": [], "summary": {"covered_lines": 0, "num_statements": 58, "percent_covered": 0.0, "percent_covered_display": "0", "missing_lines": 58, "excluded_lines": 0, "percent_statements_covered": 0.0, "percent_statements_covered_display": "0"}, "missing_lines": [6, 11, 14, 17, 20, 23, 24, 27, 30, 35, 38, 41, 44, 47, 48, 49, 54, 57, 60, 65, 68, 71, 74, 77, 82, 83, 84, 85, 89, 90, 91, 92, 93, 98, 99, 100, 101, 104, 105, 106, 107, 110, 111, 112, 113, 118, 123, 126, 127, 130, 135, 138, 143, 144, 145, 150, 215, 275], "excluded_lines": [], "functions": {"": {"executed_lines": [], "summary": {"covered_lines": 0, "num_statements": 58, "percent_covered": 0.0, "percent_covered_display": "0", "missing_lines": 58, "excluded_lines": 0, "percent_statements_covered": 0.0, "percent_statements_covered_display": "0"}, "missing_lines": [6, 11, 14, 17, 20, 23, 24, 27, 30, 35, 38, 41, 44, 47, 48, 49, 54, 57, 60, 65, 68, 71, 74, 77, 82, 83, 84, 85, 89, 90, 91, 92, 93, 98, 99, 100, 101, 104, 105, 106, 107, 110, 111, 112, 113, 118, 123, 126, 127, 130, 135, 138, 143, 144, 145, 150, 215, 275], "excluded_lines": [], "start_line": 1}}, "classes": {"": {"executed_lines": [], "summary": {"covered_lines": 0, "num_statements": 58, "percent_covered": 0.0, "percent_covered_display": "0", "missing_lines": 58, "excluded_lines": 0, "percent_statements_covered": 0.0, "percent_statements_covered_display": "0"}, "missing_lines": [6, 11, 14, 17, 20, 23, 24, 27, 30, 35, 38, 41, 44, 47, 48, 49, 54, 57, 60, 65, 68, 71, 74, 77, 82, 83, 84, 85, 89, 90, 91, 92, 93, 98, 99, 100, 101, 104, 105, 106, 107, 110, 111, 112, 113, 118, 123, 126, 127, 130, 135, 138, 143, 144, 145, 150, 215, 275], "excluded_lines": [], "start_line": 1}}}, "src/skill_creator_mcp/http.py": {"executed_lines": [], "summary": {"covered_lines": 0, "num_statements": 11, "percent_covered": 0.0, "percent_covered_display": "0", "missing_lines": 11, "excluded_lines": 2, "percent_statements_covered": 0.0, "percent_statements_covered_display": "0"}, "missing_lines": [12, 14, 17, 26, 29, 30, 31, 33, 34, 36, 37], "excluded_lines": [40, 41], "functions": {"main": {"executed_lines": [], "summary": {"covered_lines": 0, "num_statements": 8, "percent_covered": 0.0, "percent_covered_display": "0", "missing_lines": 8, "excluded_lines": 0, "percent_statements_covered": 0.0, "percent_statements_covered_display": "0"}, "missing_lines": [26, 29, 30, 31, 33, 34, 36, 37], "excluded_lines": [], "start_line": 17}, "": {"executed_lines": [], "summary": {"covered_lines": 0, "num_statements": 3, "percent_covered": 0.0, "percent_covered_display": "0", "missing_lines": 3, "excluded_lines": 2, "percent_statements_covered": 0.0, "percent_statements_covered_display": "0"}, "missing_lines": [12, 14, 17], "excluded_lines": [40, 41], "start_line": 1}}, "classes": {"": {"executed_lines": [], "summary": {"covered_lines": 0, "num_statements": 11, "percent_covered": 0.0, "percent_covered_display": "0", "missing_lines": 11, "excluded_lines": 2, "percent_statements_covered": 0.0, "percent_statements_covered_display": "0"}, "missing_lines": [12, 14, 17, 26, 29, 30, 31, 33, 34, 36, 37], "excluded_lines": [40, 41], "start_line": 1}}}, "src/skill_creator_mcp/logging_config.py": {"executed_lines": [], "summary": {"covered_lines": 0, "num_statements": 27, "percent_covered": 0.0, "percent_covered_display": "0", "missing_lines": 27, "excluded_lines": 0, "percent_statements_covered": 0.0, "percent_statements_covered_display": "0"}, "missing_lines": [7, 8, 9, 10, 13, 16, 19, 22, 27, 40, 41, 42, 43, 45, 48, 56, 57, 58, 60, 61, 62, 64, 65, 68, 82, 86, 88], "excluded_lines": [], "functions": {"setup_logging": {"executed_lines": [], "summary": {"covered_lines": 0, "num_statements": 14, "percent_covered": 0.0, "percent_covered_display": "0", "missing_lines": 14, "excluded_lines": 0, "percent_statements_covered": 0.0, "percent_statements_covered_display": "0"}, "missing_lines": [40, 41, 42, 43, 45, 48, 56, 57, 58, 60, 61, 62, 64, 65], "excluded_lines": [], "start_line": 27}, "get_logger": {"executed_lines": [], "summary": {"covered_lines": 0, "num_statements": 1, "percent_covered": 0.0, "percent_covered_display": "0", "missing_lines": 1, "excluded_lines": 0, "percent_statements_covered": 0.0, "percent_statements_covered_display": "0"}, "missing_lines": [82], "excluded_lines": [], "start_line": 68}, "": {"executed_lines": [], "summary": {"covered_lines": 0, "num_statements": 12, "percent_covered": 0.0, "percent_covered_display": "0", "missing_lines": 12, "excluded_lines": 0, "percent_statements_covered": 0.0, "percent_statements_covered_display": "0"}, "missing_lines": [7, 8, 9, 10, 13, 16, 19, 22, 27, 68, 86, 88], "excluded_lines": [], "start_line": 1}}, "classes": {"": {"executed_lines": [], "summary": {"covered_lines": 0, "num_statements": 27, "percent_covered": 0.0, "percent_covered_display": "0", "missing_lines": 27, "excluded_lines": 0, "percent_statements_covered": 0.0, "percent_statements_covered_display": "0"}, "missing_lines": [7, 8, 9, 10, 13, 16, 19, 22, 27, 40, 41, 42, 43, 45, 48, 56, 57, 58, 60, 61, 62, 64, 65, 68, 82, 86, 88], "excluded_lines": [], "start_line": 1}}}, "src/skill_creator_mcp/models/__init__.py": {"executed_lines": [], "summary": {"covered_lines": 0, "num_statements": 2, "percent_covered": 0.0, "percent_covered_display": "0", "missing_lines": 2, "excluded_lines": 0, "percent_statements_covered": 0.0, "percent_statements_covered_display": "0"}, "missing_lines": [3, 10], "excluded_lines": [], "functions": {"": {"executed_lines": [], "summary": {"covered_lines": 0, "num_statements": 2, "percent_covered": 0.0, "percent_covered_display": "0", "missing_lines": 2, "excluded_lines": 0, "percent_statements_covered": 0.0, "percent_statements_covered_display": "0"}, "missing_lines": [3, 10], "excluded_lines": [], "start_line": 1}}, "classes": {"": {"executed_lines": [], "summary": {"covered_lines": 0, "num_statements": 2, "percent_covered": 0.0, "percent_covered_display": "0", "missing_lines": 2, "excluded_lines": 0, "percent_statements_covered": 0.0, "percent_statements_covered_display": "0"}, "missing_lines": [3, 10], "excluded_lines": [], "start_line": 1}}}, "src/skill_creator_mcp/models/skill_config.py": {"executed_lines": [], "summary": {"covered_lines": 0, "num_statements": 160, "percent_covered": 0.0, "percent_covered_display": "0", "missing_lines": 160, "excluded_lines": 0, "percent_statements_covered": 0.0, "percent_statements_covered_display": "0"}, "missing_lines": [3, 4, 6, 9, 12, 15, 21, 25, 29, 33, 38, 39, 40, 57, 58, 59, 63, 66, 69, 73, 77, 81, 85, 89, 93, 97, 103, 106, 107, 108, 109, 110, 111, 112, 115, 118, 122, 126, 132, 135, 139, 143, 147, 151, 155, 159, 165, 168, 172, 176, 180, 186, 189, 193, 197, 203, 206, 210, 214, 220, 223, 229, 233, 237, 243, 246, 250, 254, 258, 262, 266, 275, 278, 282, 286, 290, 294, 298, 304, 307, 311, 315, 319, 323, 329, 332, 336, 340, 344, 348, 352, 356, 360, 364, 368, 372, 381, 384, 388, 392, 396, 400, 406, 409, 413, 417, 421, 425, 429, 433, 437, 441, 445, 454, 455, 458, 461, 465, 469, 473, 477, 481, 485, 489, 495, 498, 502, 506, 510, 514, 518, 524, 527, 531, 535, 539, 543, 547, 551, 557, 560, 564, 568, 572, 578, 581, 585, 589, 593, 597, 601, 605, 609, 613, 617, 621, 625, 629, 633, 637], "excluded_lines": [], "functions": {"InitSkillInput.validate_name": {"executed_lines": [], "summary": {"covered_lines": 0, "num_statements": 4, "percent_covered": 0.0, "percent_covered_display": "0", "missing_lines": 4, "excluded_lines": 0, "percent_statements_covered": 0.0, "percent_statements_covered_display": "0"}, "missing_lines": [57, 58, 59, 63], "excluded_lines": [], "start_line": 40}, "": {"executed_lines": [], "summary": {"covered_lines": 0, "num_statements": 156, "percent_covered": 0.0, "percent_covered_display": "0", "missing_lines": 156, "excluded_lines": 0, "percent_statements_covered": 0.0, "percent_statements_covered_display": "0"}, "missing_lines": [3, 4, 6, 9, 12, 15, 21, 25, 29, 33, 38, 39, 40, 66, 69, 73, 77, 81, 85, 89, 93, 97, 103, 106, 107, 108, 109, 110, 111, 112, 115, 118, 122, 126, 132, 135, 139, 143, 147, 151, 155, 159, 165, 168, 172, 176, 180, 186, 189, 193, 197, 203, 206, 210, 214, 220, 223, 229, 233, 237, 243, 246, 250, 254, 258, 262, 266, 275, 278, 282, 286, 290, 294, 298, 304, 307, 311, 315, 319, 323, 329, 332, 336, 340, 344, 348, 352, 356, 360, 364, 368, 372, 381, 384, 388, 392, 396, 400, 406, 409, 413, 417, 421, 425, 429, 433, 437, 441, 445, 454, 455, 458, 461, 465, 469, 473, 477, 481, 485, 489, 495, 498, 502, 506, 510, 514, 518, 524, 527, 531, 535, 539, 543, 547, 551, 557, 560, 564, 568, 572, 578, 581, 585, 589, 593, 597, 601, 605, 609, 613, 617, 621, 625, 629, 633, 637], "excluded_lines": [], "start_line": 1}}, "classes": {"InitSkillInput": {"executed_lines": [], "summary": {"covered_lines": 0, "num_statements": 4, "percent_covered": 0.0, "percent_covered_display": "0", "missing_lines": 4, "excluded_lines": 0, "percent_statements_covered": 0.0, "percent_statements_covered_display": "0"}, "missing_lines": [57, 58, 59, 63], "excluded_lines": [], "start_line": 12}, "InitResult": {"executed_lines": [], "summary": {"covered_lines": 0, "num_statements": 0, "percent_covered": 100.0, "percent_covered_display": "100", "missing_lines": 0, "excluded_lines": 0, "percent_statements_covered": 100.0, "percent_statements_covered_display": "100"}, "missing_lines": [], "excluded_lines": [], "start_line": 66}, "SkillConfig": {"executed_lines": [], "summary": {"covered_lines": 0, "num_statements": 0, "percent_covered": 100.0, "percent_covered_display": "100", "missing_lines": 0, "excluded_lines": 0, "percent_statements_covered": 100.0, "percent_statements_covered_display": "100"}, "missing_lines": [], "excluded_lines": [], "start_line": 103}, "ValidateSkillInput": {"executed_lines": [], "summary": {"covered_lines": 0, "num_statements": 0, "percent_covered": 100.0, "percent_covered_display": "100", "missing_lines": 0, "excluded_lines": 0, "percent_statements_covered": 100.0, "percent_statements_covered_display": "100"}, "missing_lines": [], "excluded_lines": [], "start_line": 115}, "ValidationResult": {"executed_lines": [], "summary": {"covered_lines": 0, "num_statements": 0, "percent_covered": 100.0, "percent_covered_display": "100", "missing_lines": 0, "excluded_lines": 0, "percent_statements_covered": 100.0, "percent_statements_covered_display": "100"}, "missing_lines": [], "excluded_lines": [], "start_line": 132}, "AnalyzeSkillInput": {"executed_lines": [], "summary": {"covered_lines": 0, "num_statements": 0, "percent_covered": 100.0, "percent_covered_display": "100", "missing_lines": 0, "excluded_lines": 0, "percent_statements_covered": 100.0, "percent_statements_covered_display": "100"}, "missing_lines": [], "excluded_lines": [], "start_line": 165}, "StructureAnalysis": {"executed_lines": [], "summary": {"covered_lines": 0, "num_statements": 0, "percent_covered": 100.0, "percent_covered_display": "100", "missing_lines": 0, "excluded_lines": 0, "percent_statements_covered": 100.0, "percent_statements_covered_display": "100"}, "missing_lines": [], "excluded_lines": [], "start_line": 186}, "ComplexityMetrics": {"executed_lines": [], "summary": {"covered_lines": 0, "num_statements": 0, "percent_covered": 100.0, "percent_covered_display": "100", "missing_lines": 0, "excluded_lines": 0, "percent_statements_covered": 100.0, "percent_statements_covered_display": "100"}, "missing_lines": [], "excluded_lines": [], "start_line": 203}, "QualityScore": {"executed_lines": [], "summary": {"covered_lines": 0, "num_statements": 0, "percent_covered": 100.0, "percent_covered_display": "100", "missing_lines": 0, "excluded_lines": 0, "percent_statements_covered": 100.0, "percent_statements_covered_display": "100"}, "missing_lines": [], "excluded_lines": [], "start_line": 220}, "AnalyzeResult": {"executed_lines": [], "summary": {"covered_lines": 0, "num_statements": 0, "percent_covered": 100.0, "percent_covered_display": "100", "missing_lines": 0, "excluded_lines": 0, "percent_statements_covered": 100.0, "percent_statements_covered_display": "100"}, "missing_lines": [], "excluded_lines": [], "start_line": 243}, "RefactorSuggestion": {"executed_lines": [], "summary": {"covered_lines": 0, "num_statements": 0, "percent_covered": 100.0, "percent_covered_display": "100", "missing_lines": 0, "excluded_lines": 0, "percent_statements_covered": 100.0, "percent_statements_covered_display": "100"}, "missing_lines": [], "excluded_lines": [], "start_line": 275}, "RefactorSkillInput": {"executed_lines": [], "summary": {"covered_lines": 0, "num_statements": 0, "percent_covered": 100.0, "percent_covered_display": "100", "missing_lines": 0, "excluded_lines": 0, "percent_statements_covered": 100.0, "percent_statements_covered_display": "100"}, "missing_lines": [], "excluded_lines": [], "start_line": 304}, "RefactorResult": {"executed_lines": [], "summary": {"covered_lines": 0, "num_statements": 0, "percent_covered": 100.0, "percent_covered_display": "100", "missing_lines": 0, "excluded_lines": 0, "percent_statements_covered": 100.0, "percent_statements_covered_display": "100"}, "missing_lines": [], "excluded_lines": [], "start_line": 329}, "PackageSkillInput": {"executed_lines": [], "summary": {"covered_lines": 0, "num_statements": 0, "percent_covered": 100.0, "percent_covered_display": "100", "missing_lines": 0, "excluded_lines": 0, "percent_statements_covered": 100.0, "percent_statements_covered_display": "100"}, "missing_lines": [], "excluded_lines": [], "start_line": 381}, "PackageResult": {"executed_lines": [], "summary": {"covered_lines": 0, "num_statements": 0, "percent_covered": 100.0, "percent_covered_display": "100", "missing_lines": 0, "excluded_lines": 0, "percent_statements_covered": 100.0, "percent_statements_covered_display": "100"}, "missing_lines": [], "excluded_lines": [], "start_line": 406}, "ValidationRule": {"executed_lines": [], "summary": {"covered_lines": 0, "num_statements": 0, "percent_covered": 100.0, "percent_covered_display": "100", "missing_lines": 0, "excluded_lines": 0, "percent_statements_covered": 100.0, "percent_statements_covered_display": "100"}, "missing_lines": [], "excluded_lines": [], "start_line": 458}, "RequirementStep": {"executed_lines": [], "summary": {"covered_lines": 0, "num_statements": 0, "percent_covered": 100.0, "percent_covered_display": "100", "missing_lines": 0, "excluded_lines": 0, "percent_statements_covered": 100.0, "percent_statements_covered_display": "100"}, "missing_lines": [], "excluded_lines": [], "start_line": 495}, "SessionState": {"executed_lines": [], "summary": {"covered_lines": 0, "num_statements": 0, "percent_covered": 100.0, "percent_covered_display": "100", "missing_lines": 0, "excluded_lines": 0, "percent_statements_covered": 100.0, "percent_statements_covered_display": "100"}, "missing_lines": [], "excluded_lines": [], "start_line": 524}, "RequirementCollectionInput": {"executed_lines": [], "summary": {"covered_lines": 0, "num_statements": 0, "percent_covered": 100.0, "percent_covered_display": "100", "missing_lines": 0, "excluded_lines": 0, "percent_statements_covered": 100.0, "percent_statements_covered_display": "100"}, "missing_lines": [], "excluded_lines": [], "start_line": 557}, "RequirementCollectionResult": {"executed_lines": [], "summary": {"covered_lines": 0, "num_statements": 0, "percent_covered": 100.0, "percent_covered_display": "100", "missing_lines": 0, "excluded_lines": 0, "percent_statements_covered": 100.0, "percent_statements_covered_display": "100"}, "missing_lines": [], "excluded_lines": [], "start_line": 578}, "": {"executed_lines": [], "summary": {"covered_lines": 0, "num_statements": 156, "percent_covered": 0.0, "percent_covered_display": "0", "missing_lines": 156, "excluded_lines": 0, "percent_statements_covered": 0.0, "percent_statements_covered_display": "0"}, "missing_lines": [3, 4, 6, 9, 12, 15, 21, 25, 29, 33, 38, 39, 40, 66, 69, 73, 77, 81, 85, 89, 93, 97, 103, 106, 107, 108, 109, 110, 111, 112, 115, 118, 122, 126, 132, 135, 139, 143, 147, 151, 155, 159, 165, 168, 172, 176, 180, 186, 189, 193, 197, 203, 206, 210, 214, 220, 223, 229, 233, 237, 243, 246, 250, 254, 258, 262, 266, 275, 278, 282, 286, 290, 294, 298, 304, 307, 311, 315, 319, 323, 329, 332, 336, 340, 344, 348, 352, 356, 360, 364, 368, 372, 381, 384, 388, 392, 396, 400, 406, 409, 413, 417, 421, 425, 429, 433, 437, 441, 445, 454, 455, 458, 461, 465, 469, 473, 477, 481, 485, 489, 495, 498, 502, 506, 510, 514, 518, 524, 527, 531, 535, 539, 543, 547, 551, 557, 560, 564, 568, 572, 578, 581, 585, 589, 593, 597, 601, 605, 609, 613, 617, 621, 625, 629, 633, 637], "excluded_lines": [], "start_line": 1}}}, "src/skill_creator_mcp/prompts/__init__.py": {"executed_lines": [], "summary": {"covered_lines": 0, "num_statements": 4, "percent_covered": 0.0, "percent_covered_display": "0", "missing_lines": 4, "excluded_lines": 0, "percent_statements_covered": 0.0, "percent_statements_covered_display": "0"}, "missing_lines": [6, 7, 8, 10], "excluded_lines": [], "functions": {"": {"executed_lines": [], "summary": {"covered_lines": 0, "num_statements": 4, "percent_covered": 0.0, "percent_covered_display": "0", "missing_lines": 4, "excluded_lines": 0, "percent_statements_covered": 0.0, "percent_statements_covered_display": "0"}, "missing_lines": [6, 7, 8, 10], "excluded_lines": [], "start_line": 1}}, "classes": {"": {"executed_lines": [], "summary": {"covered_lines": 0, "num_statements": 4, "percent_covered": 0.0, "percent_covered_display": "0", "missing_lines": 4, "excluded_lines": 0, "percent_statements_covered": 0.0, "percent_statements_covered_display": "0"}, "missing_lines": [6, 7, 8, 10], "excluded_lines": [], "start_line": 1}}}, "src/skill_creator_mcp/prompts/create_skill.py": {"executed_lines": [], "summary": {"covered_lines": 0, "num_statements": 9, "percent_covered": 0.0, "percent_covered_display": "0", "missing_lines": 9, "excluded_lines": 0, "percent_statements_covered": 0.0, "percent_statements_covered_display": "0"}, "missing_lines": [3, 6, 72, 82, 112, 116, 117, 118, 119], "excluded_lines": [], "functions": {"get_create_skill_prompt": {"executed_lines": [], "summary": {"covered_lines": 0, "num_statements": 6, "percent_covered": 0.0, "percent_covered_display": "0", "missing_lines": 6, "excluded_lines": 0, "percent_statements_covered": 0.0, "percent_statements_covered_display": "0"}, "missing_lines": [82, 112, 116, 117, 118, 119], "excluded_lines": [], "start_line": 72}, "": {"executed_lines": [], "summary": {"covered_lines": 0, "num_statements": 3, "percent_covered": 0.0, "percent_covered_display": "0", "missing_lines": 3, "excluded_lines": 0, "percent_statements_covered": 0.0, "percent_statements_covered_display": "0"}, "missing_lines": [3, 6, 72], "excluded_lines": [], "start_line": 1}}, "classes": {"": {"executed_lines": [], "summary": {"covered_lines": 0, "num_statements": 9, "percent_covered": 0.0, "percent_covered_display": "0", "missing_lines": 9, "excluded_lines": 0, "percent_statements_covered": 0.0, "percent_statements_covered_display": "0"}, "missing_lines": [3, 6, 72, 82, 112, 116, 117, 118, 119], "excluded_lines": [], "start_line": 1}}}, "src/skill_creator_mcp/prompts/refactor_skill.py": {"executed_lines": [], "summary": {"covered_lines": 0, "num_statements": 8, "percent_covered": 0.0, "percent_covered_display": "0", "missing_lines": 8, "excluded_lines": 0, "percent_statements_covered": 0.0, "percent_statements_covered_display": "0"}, "missing_lines": [3, 6, 113, 123, 125, 126, 127, 129], "excluded_lines": [], "functions": {"get_refactor_skill_prompt": {"executed_lines": [], "summary": {"covered_lines": 0, "num_statements": 5, "percent_covered": 0.0, "percent_covered_display": "0", "missing_lines": 5, "excluded_lines": 0, "percent_statements_covered": 0.0, "percent_statements_covered_display": "0"}, "missing_lines": [123, 125, 126, 127, 129], "excluded_lines": [], "start_line": 113}, "": {"executed_lines": [], "summary": {"covered_lines": 0, "num_statements": 3, "percent_covered": 0.0, "percent_covered_display": "0", "missing_lines": 3, "excluded_lines": 0, "percent_statements_covered": 0.0, "percent_statements_covered_display": "0"}, "missing_lines": [3, 6, 113], "excluded_lines": [], "start_line": 1}}, "classes": {"": {"executed_lines": [], "summary": {"covered_lines": 0, "num_statements": 8, "percent_covered": 0.0, "percent_covered_display": "0", "missing_lines": 8, "excluded_lines": 0, "percent_statements_covered": 0.0, "percent_statements_covered_display": "0"}, "missing_lines": [3, 6, 113, 123, 125, 126, 127, 129], "excluded_lines": [], "start_line": 1}}}, "src/skill_creator_mcp/prompts/validate_skill.py": {"executed_lines": [], "summary": {"covered_lines": 0, "num_statements": 10, "percent_covered": 0.0, "percent_covered_display": "0", "missing_lines": 10, "excluded_lines": 0, "percent_statements_covered": 0.0, "percent_statements_covered_display": "0"}, "missing_lines": [3, 6, 85, 95, 97, 98, 113, 117, 118, 119], "excluded_lines": [], "functions": {"get_validate_skill_prompt": {"executed_lines": [], "summary": {"covered_lines": 0, "num_statements": 7, "percent_covered": 0.0, "percent_covered_display": "0", "missing_lines": 7, "excluded_lines": 0, "percent_statements_covered": 0.0, "percent_statements_covered_display": "0"}, "missing_lines": [95, 97, 98, 113, 117, 118, 119], "excluded_lines": [], "start_line": 85}, "": {"executed_lines": [], "summary": {"covered_lines": 0, "num_statements": 3, "percent_covered": 0.0, "percent_covered_display": "0", "missing_lines": 3, "excluded_lines": 0, "percent_statements_covered": 0.0, "percent_statements_covered_display": "0"}, "missing_lines": [3, 6, 85], "excluded_lines": [], "start_line": 1}}, "classes": {"": {"executed_lines": [], "summary": {"covered_lines": 0, "num_statements": 10, "percent_covered": 0.0, "percent_covered_display": "0", "missing_lines": 10, "excluded_lines": 0, "percent_statements_covered": 0.0, "percent_statements_covered_display": "0"}, "missing_lines": [3, 6, 85, 95, 97, 98, 113, 117, 118, 119], "excluded_lines": [], "start_line": 1}}}, "src/skill_creator_mcp/resources/__init__.py": {"executed_lines": [], "summary": {"covered_lines": 0, "num_statements": 4, "percent_covered": 0.0, "percent_covered_display": "0", "missing_lines": 4, "excluded_lines": 0, "percent_statements_covered": 0.0, "percent_statements_covered_display": "0"}, "missing_lines": [9, 10, 14, 16], "excluded_lines": [], "functions": {"": {"executed_lines": [], "summary": {"covered_lines": 0, "num_statements": 4, "percent_covered": 0.0, "percent_covered_display": "0", "missing_lines": 4, "excluded_lines": 0, "percent_statements_covered": 0.0, "percent_statements_covered_display": "0"}, "missing_lines": [9, 10, 14, 16], "excluded_lines": [], "start_line": 1}}, "classes": {"": {"executed_lines": [], "summary": {"covered_lines": 0, "num_statements": 4, "percent_covered": 0.0, "percent_covered_display": "0", "missing_lines": 4, "excluded_lines": 0, "percent_statements_covered": 0.0, "percent_statements_covered_display": "0"}, "missing_lines": [9, 10, 14, 16], "excluded_lines": [], "start_line": 1}}}, "src/skill_creator_mcp/resources/best_practices.py": {"executed_lines": [], "summary": {"covered_lines": 0, "num_statements": 6, "percent_covered": 0.0, "percent_covered_display": "0", "missing_lines": 6, "excluded_lines": 0, "percent_statements_covered": 0.0, "percent_statements_covered_display": "0"}, "missing_lines": [6, 9, 152, 158, 161, 167], "excluded_lines": [], "functions": {"get_best_practices": {"executed_lines": [], "summary": {"covered_lines": 0, "num_statements": 1, "percent_covered": 0.0, "percent_covered_display": "0", "missing_lines": 1, "excluded_lines": 0, "percent_statements_covered": 0.0, "percent_statements_covered_display": "0"}, "missing_lines": [158], "excluded_lines": [], "start_line": 152}, "get_best_practices_summary": {"executed_lines": [], "summary": {"covered_lines": 0, "num_statements": 1, "percent_covered": 0.0, "percent_covered_display": "0", "missing_lines": 1, "excluded_lines": 0, "percent_statements_covered": 0.0, "percent_statements_covered_display": "0"}, "missing_lines": [167], "excluded_lines": [], "start_line": 161}, "": {"executed_lines": [], "summary": {"covered_lines": 0, "num_statements": 4, "percent_covered": 0.0, "percent_covered_display": "0", "missing_lines": 4, "excluded_lines": 0, "percent_statements_covered": 0.0, "percent_statements_covered_display": "0"}, "missing_lines": [6, 9, 152, 161], "excluded_lines": [], "start_line": 1}}, "classes": {"": {"executed_lines": [], "summary": {"covered_lines": 0, "num_statements": 6, "percent_covered": 0.0, "percent_covered_display": "0", "missing_lines": 6, "excluded_lines": 0, "percent_statements_covered": 0.0, "percent_statements_covered_display": "0"}, "missing_lines": [6, 9, 152, 158, 161, 167], "excluded_lines": [], "start_line": 1}}}, "src/skill_creator_mcp/resources/templates.py": {"executed_lines": [], "summary": {"covered_lines": 0, "num_statements": 17, "percent_covered": 0.0, "percent_covered_display": "0", "missing_lines": 17, "excluded_lines": 0, "percent_statements_covered": 0.0, "percent_statements_covered_display": "0"}, "missing_lines": [6, 9, 12, 20, 28, 36, 42, 45, 54, 55, 56, 58, 106, 115, 287, 290, 299], "excluded_lines": [], "functions": {"list_templates": {"executed_lines": [], "summary": {"covered_lines": 0, "num_statements": 1, "percent_covered": 0.0, "percent_covered_display": "0", "missing_lines": 1, "excluded_lines": 0, "percent_statements_covered": 0.0, "percent_statements_covered_display": "0"}, "missing_lines": [42], "excluded_lines": [], "start_line": 36}, "get_template_content": {"executed_lines": [], "summary": {"covered_lines": 0, "num_statements": 4, "percent_covered": 0.0, "percent_covered_display": "0", "missing_lines": 4, "excluded_lines": 0, "percent_statements_covered": 0.0, "percent_statements_covered_display": "0"}, "missing_lines": [54, 55, 56, 58], "excluded_lines": [], "start_line": 45}, "get_template_references": {"executed_lines": [], "summary": {"covered_lines": 0, "num_statements": 2, "percent_covered": 0.0, "percent_covered_display": "0", "missing_lines": 2, "excluded_lines": 0, "percent_statements_covered": 0.0, "percent_statements_covered_display": "0"}, "missing_lines": [115, 287], "excluded_lines": [], "start_line": 106}, "get_template_info": {"executed_lines": [], "summary": {"covered_lines": 0, "num_statements": 1, "percent_covered": 0.0, "percent_covered_display": "0", "missing_lines": 1, "excluded_lines": 0, "percent_statements_covered": 0.0, "percent_statements_covered_display": "0"}, "missing_lines": [299], "excluded_lines": [], "start_line": 290}, "": {"executed_lines": [], "summary": {"covered_lines": 0, "num_statements": 9, "percent_covered": 0.0, "percent_covered_display": "0", "missing_lines": 9, "excluded_lines": 0, "percent_statements_covered": 0.0, "percent_statements_covered_display": "0"}, "missing_lines": [6, 9, 12, 20, 28, 36, 45, 106, 290], "excluded_lines": [], "start_line": 1}}, "classes": {"": {"executed_lines": [], "summary": {"covered_lines": 0, "num_statements": 17, "percent_covered": 0.0, "percent_covered_display": "0", "missing_lines": 17, "excluded_lines": 0, "percent_statements_covered": 0.0, "percent_statements_covered_display": "0"}, "missing_lines": [6, 9, 12, 20, 28, 36, 42, 45, 54, 55, 56, 58, 106, 115, 287, 290, 299], "excluded_lines": [], "start_line": 1}}}, "src/skill_creator_mcp/resources/validation_rules.py": {"executed_lines": [], "summary": {"covered_lines": 0, "num_statements": 6, "percent_covered": 0.0, "percent_covered_display": "0", "missing_lines": 6, "excluded_lines": 0, "percent_statements_covered": 0.0, "percent_statements_covered_display": "0"}, "missing_lines": [6, 9, 201, 207, 210, 216], "excluded_lines": [], "functions": {"get_validation_rules": {"executed_lines": [], "summary": {"covered_lines": 0, "num_statements": 1, "percent_covered": 0.0, "percent_covered_display": "0", "missing_lines": 1, "excluded_lines": 0, "percent_statements_covered": 0.0, "percent_statements_covered_display": "0"}, "missing_lines": [207], "excluded_lines": [], "start_line": 201}, "get_validation_rules_summary": {"executed_lines": [], "summary": {"covered_lines": 0, "num_statements": 1, "percent_covered": 0.0, "percent_covered_display": "0", "missing_lines": 1, "excluded_lines": 0, "percent_statements_covered": 0.0, "percent_statements_covered_display": "0"}, "missing_lines": [216], "excluded_lines": [], "start_line": 210}, "": {"executed_lines": [], "summary": {"covered_lines": 0, "num_statements": 4, "percent_covered": 0.0, "percent_covered_display": "0", "missing_lines": 4, "excluded_lines": 0, "percent_statements_covered": 0.0, "percent_statements_covered_display": "0"}, "missing_lines": [6, 9, 201, 210], "excluded_lines": [], "start_line": 1}}, "classes": {"": {"executed_lines": [], "summary": {"covered_lines": 0, "num_statements": 6, "percent_covered": 0.0, "percent_covered_display": "0", "missing_lines": 6, "excluded_lines": 0, "percent_statements_covered": 0.0, "percent_statements_covered_display": "0"}, "missing_lines": [6, 9, 201, 207, 210, 216], "excluded_lines": [], "start_line": 1}}}, "src/skill_creator_mcp/server.py": {"executed_lines": [], "summary": {"covered_lines": 0, "num_statements": 277, "percent_covered": 0.0, "percent_covered_display": "0", "missing_lines": 277, "excluded_lines": 0, "percent_statements_covered": 0.0, "percent_statements_covered_display": "0"}, "missing_lines": [7, 8, 10, 12, 17, 23, 27, 35, 36, 43, 44, 45, 50, 60, 68, 127, 128, 152, 154, 157, 168, 175, 176, 182, 183, 186, 187, 190, 191, 193, 204, 206, 208, 218, 220, 222, 232, 235, 236, 254, 256, 258, 266, 269, 270, 271, 272, 273, 276, 277, 285, 287, 288, 296, 299, 300, 301, 302, 305, 306, 307, 310, 311, 312, 313, 314, 317, 318, 321, 322, 323, 324, 327, 329, 339, 341, 342, 349, 352, 353, 373, 381, 383, 392, 395, 396, 402, 403, 410, 411, 413, 415, 418, 419, 421, 423, 430, 431, 434, 442, 445, 454, 460, 461, 468, 469, 493, 495, 497, 507, 510, 511, 517, 518, 525, 526, 528, 530, 533, 534, 536, 538, 545, 546, 548, 550, 558, 563, 568, 571, 583, 585, 586, 593, 594, 618, 620, 622, 625, 636, 645, 658, 660, 661, 662, 663, 669, 674, 675, 686, 687, 724, 726, 735, 738, 740, 741, 742, 743, 760, 770, 771, 775, 776, 780, 782, 787, 789, 790, 791, 792, 793, 794, 795, 802, 815, 816, 819, 821, 824, 833, 834, 835, 837, 839, 840, 854, 855, 863, 865, 868, 869, 881, 883, 886, 887, 901, 904, 905, 918, 921, 922, 934, 940, 941, 962, 963, 969, 974, 975, 982, 983, 1006, 1007, 1014, 1019, 1020, 1030, 1031, 1042, 1043, 1044, 1048, 1049, 1056, 1057, 1068, 1069, 1070, 1074, 1075, 1082, 1083, 1094, 1095, 1096, 1100, 1101, 1108, 1110, 1113, 1115, 1118, 1120, 1123, 1125, 1131, 1132, 1134, 1135, 1136, 1137, 1138, 1139, 1142, 1143, 1145, 1148, 1149, 1150, 1152, 1155, 1156, 1158, 1161, 1162, 1164, 1170, 1171, 1184, 1187, 1188, 1201, 1204, 1205, 1218, 1221], "excluded_lines": [], "functions": {"init_skill": {"executed_lines": [], "summary": {"covered_lines": 0, "num_statements": 20, "percent_covered": 0.0, "percent_covered_display": "0", "missing_lines": 20, "excluded_lines": 0, "percent_statements_covered": 0.0, "percent_statements_covered_display": "0"}, "missing_lines": [152, 154, 157, 168, 175, 176, 182, 183, 186, 187, 190, 191, 193, 204, 206, 208, 218, 220, 222, 232], "excluded_lines": [], "start_line": 128}, "validate_skill": {"executed_lines": [], "summary": {"covered_lines": 0, "num_statements": 39, "percent_covered": 0.0, "percent_covered_display": "0", "missing_lines": 39, "excluded_lines": 0, "percent_statements_covered": 0.0, "percent_statements_covered_display": "0"}, "missing_lines": [254, 256, 258, 266, 269, 270, 271, 272, 273, 276, 277, 285, 287, 288, 296, 299, 300, 301, 302, 305, 306, 307, 310, 311, 312, 313, 314, 317, 318, 321, 322, 323, 324, 327, 329, 339, 341, 342, 349], "excluded_lines": [], "start_line": 236}, "analyze_skill": {"executed_lines": [], "summary": {"covered_lines": 0, "num_statements": 24, "percent_covered": 0.0, "percent_covered_display": "0", "missing_lines": 24, "excluded_lines": 0, "percent_statements_covered": 0.0, "percent_statements_covered_display": "0"}, "missing_lines": [373, 381, 383, 392, 395, 396, 402, 403, 410, 411, 413, 415, 418, 419, 421, 423, 430, 431, 434, 442, 445, 454, 460, 461], "excluded_lines": [], "start_line": 353}, "refactor_skill": {"executed_lines": [], "summary": {"covered_lines": 0, "num_statements": 27, "percent_covered": 0.0, "percent_covered_display": "0", "missing_lines": 27, "excluded_lines": 0, "percent_statements_covered": 0.0, "percent_statements_covered_display": "0"}, "missing_lines": [493, 495, 497, 507, 510, 511, 517, 518, 525, 526, 528, 530, 533, 534, 536, 538, 545, 546, 548, 550, 558, 563, 568, 571, 583, 585, 586], "excluded_lines": [], "start_line": 469}, "package_skill": {"executed_lines": [], "summary": {"covered_lines": 0, "num_statements": 14, "percent_covered": 0.0, "percent_covered_display": "0", "missing_lines": 14, "excluded_lines": 0, "percent_statements_covered": 0.0, "percent_statements_covered_display": "0"}, "missing_lines": [618, 620, 622, 625, 636, 645, 658, 660, 661, 662, 663, 669, 674, 675], "excluded_lines": [], "start_line": 594}, "collect_requirements": {"executed_lines": [], "summary": {"covered_lines": 0, "num_statements": 35, "percent_covered": 0.0, "percent_covered_display": "0", "missing_lines": 35, "excluded_lines": 0, "percent_statements_covered": 0.0, "percent_statements_covered_display": "0"}, "missing_lines": [724, 726, 735, 738, 740, 741, 742, 743, 760, 770, 771, 775, 776, 780, 782, 787, 789, 790, 791, 792, 793, 794, 795, 802, 815, 816, 819, 821, 824, 833, 834, 835, 837, 839, 840], "excluded_lines": [], "start_line": 687}, "check_client_capabilities": {"executed_lines": [], "summary": {"covered_lines": 0, "num_statements": 2, "percent_covered": 0.0, "percent_covered_display": "0", "missing_lines": 2, "excluded_lines": 0, "percent_statements_covered": 0.0, "percent_statements_covered_display": "0"}, "missing_lines": [863, 865], "excluded_lines": [], "start_line": 855}, "test_llm_sampling": {"executed_lines": [], "summary": {"covered_lines": 0, "num_statements": 2, "percent_covered": 0.0, "percent_covered_display": "0", "missing_lines": 2, "excluded_lines": 0, "percent_statements_covered": 0.0, "percent_statements_covered_display": "0"}, "missing_lines": [881, 883], "excluded_lines": [], "start_line": 869}, "test_user_elicitation": {"executed_lines": [], "summary": {"covered_lines": 0, "num_statements": 1, "percent_covered": 0.0, "percent_covered_display": "0", "missing_lines": 1, "excluded_lines": 0, "percent_statements_covered": 0.0, "percent_statements_covered_display": "0"}, "missing_lines": [901], "excluded_lines": [], "start_line": 887}, "test_conversation_loop": {"executed_lines": [], "summary": {"covered_lines": 0, "num_statements": 1, "percent_covered": 0.0, "percent_covered_display": "0", "missing_lines": 1, "excluded_lines": 0, "percent_statements_covered": 0.0, "percent_statements_covered_display": "0"}, "missing_lines": [918], "excluded_lines": [], "start_line": 905}, "test_requirement_completeness": {"executed_lines": [], "summary": {"covered_lines": 0, "num_statements": 1, "percent_covered": 0.0, "percent_covered_display": "0", "missing_lines": 1, "excluded_lines": 0, "percent_statements_covered": 0.0, "percent_statements_covered_display": "0"}, "missing_lines": [934], "excluded_lines": [], "start_line": 922}, "batch_validate_skills_tool": {"executed_lines": [], "summary": {"covered_lines": 0, "num_statements": 5, "percent_covered": 0.0, "percent_covered_display": "0", "missing_lines": 5, "excluded_lines": 0, "percent_statements_covered": 0.0, "percent_statements_covered_display": "0"}, "missing_lines": [962, 963, 969, 974, 975], "excluded_lines": [], "start_line": 941}, "batch_analyze_skills_tool": {"executed_lines": [], "summary": {"covered_lines": 0, "num_statements": 5, "percent_covered": 0.0, "percent_covered_display": "0", "missing_lines": 5, "excluded_lines": 0, "percent_statements_covered": 0.0, "percent_statements_covered_display": "0"}, "missing_lines": [1006, 1007, 1014, 1019, 1020], "excluded_lines": [], "start_line": 983}, "health_check_tool": {"executed_lines": [], "summary": {"covered_lines": 0, "num_statements": 5, "percent_covered": 0.0, "percent_covered_display": "0", "missing_lines": 5, "excluded_lines": 0, "percent_statements_covered": 0.0, "percent_statements_covered_display": "0"}, "missing_lines": [1042, 1043, 1044, 1048, 1049], "excluded_lines": [], "start_line": 1031}, "quick_status_tool": {"executed_lines": [], "summary": {"covered_lines": 0, "num_statements": 5, "percent_covered": 0.0, "percent_covered_display": "0", "missing_lines": 5, "excluded_lines": 0, "percent_statements_covered": 0.0, "percent_statements_covered_display": "0"}, "missing_lines": [1068, 1069, 1070, 1074, 1075], "excluded_lines": [], "start_line": 1057}, "is_healthy_tool": {"executed_lines": [], "summary": {"covered_lines": 0, "num_statements": 5, "percent_covered": 0.0, "percent_covered_display": "0", "missing_lines": 5, "excluded_lines": 0, "percent_statements_covered": 0.0, "percent_statements_covered_display": "0"}, "missing_lines": [1094, 1095, 1096, 1100, 1101], "excluded_lines": [], "start_line": 1083}, "_generate_skill_md_content": {"executed_lines": [], "summary": {"covered_lines": 0, "num_statements": 1, "percent_covered": 0.0, "percent_covered_display": "0", "missing_lines": 1, "excluded_lines": 0, "percent_statements_covered": 0.0, "percent_statements_covered_display": "0"}, "missing_lines": [1110], "excluded_lines": [], "start_line": 1108}, "_create_reference_files": {"executed_lines": [], "summary": {"covered_lines": 0, "num_statements": 1, "percent_covered": 0.0, "percent_covered_display": "0", "missing_lines": 1, "excluded_lines": 0, "percent_statements_covered": 0.0, "percent_statements_covered_display": "0"}, "missing_lines": [1115], "excluded_lines": [], "start_line": 1113}, "_create_example_scripts": {"executed_lines": [], "summary": {"covered_lines": 0, "num_statements": 1, "percent_covered": 0.0, "percent_covered_display": "0", "missing_lines": 1, "excluded_lines": 0, "percent_statements_covered": 0.0, "percent_statements_covered_display": "0"}, "missing_lines": [1120], "excluded_lines": [], "start_line": 1118}, "_create_example_examples": {"executed_lines": [], "summary": {"covered_lines": 0, "num_statements": 1, "percent_covered": 0.0, "percent_covered_display": "0", "missing_lines": 1, "excluded_lines": 0, "percent_statements_covered": 0.0, "percent_statements_covered_display": "0"}, "missing_lines": [1125], "excluded_lines": [], "start_line": 1123}, "list_templates_resource": {"executed_lines": [], "summary": {"covered_lines": 0, "num_statements": 6, "percent_covered": 0.0, "percent_covered_display": "0", "missing_lines": 6, "excluded_lines": 0, "percent_statements_covered": 0.0, "percent_statements_covered_display": "0"}, "missing_lines": [1134, 1135, 1136, 1137, 1138, 1139], "excluded_lines": [], "start_line": 1132}, "get_template_resource": {"executed_lines": [], "summary": {"covered_lines": 0, "num_statements": 5, "percent_covered": 0.0, "percent_covered_display": "0", "missing_lines": 5, "excluded_lines": 0, "percent_statements_covered": 0.0, "percent_statements_covered_display": "0"}, "missing_lines": [1145, 1148, 1149, 1150, 1152], "excluded_lines": [], "start_line": 1143}, "best_practices_resource": {"executed_lines": [], "summary": {"covered_lines": 0, "num_statements": 1, "percent_covered": 0.0, "percent_covered_display": "0", "missing_lines": 1, "excluded_lines": 0, "percent_statements_covered": 0.0, "percent_statements_covered_display": "0"}, "missing_lines": [1158], "excluded_lines": [], "start_line": 1156}, "validation_rules_resource": {"executed_lines": [], "summary": {"covered_lines": 0, "num_statements": 1, "percent_covered": 0.0, "percent_covered_display": "0", "missing_lines": 1, "excluded_lines": 0, "percent_statements_covered": 0.0, "percent_statements_covered_display": "0"}, "missing_lines": [1164], "excluded_lines": [], "start_line": 1162}, "create_skill_prompt": {"executed_lines": [], "summary": {"covered_lines": 0, "num_statements": 1, "percent_covered": 0.0, "percent_covered_display": "0", "missing_lines": 1, "excluded_lines": 0, "percent_statements_covered": 0.0, "percent_statements_covered_display": "0"}, "missing_lines": [1184], "excluded_lines": [], "start_line": 1171}, "validate_skill_prompt": {"executed_lines": [], "summary": {"covered_lines": 0, "num_statements": 1, "percent_covered": 0.0, "percent_covered_display": "0", "missing_lines": 1, "excluded_lines": 0, "percent_statements_covered": 0.0, "percent_statements_covered_display": "0"}, "missing_lines": [1201], "excluded_lines": [], "start_line": 1188}, "refactor_skill_prompt": {"executed_lines": [], "summary": {"covered_lines": 0, "num_statements": 1, "percent_covered": 0.0, "percent_covered_display": "0", "missing_lines": 1, "excluded_lines": 0, "percent_statements_covered": 0.0, "percent_statements_covered_display": "0"}, "missing_lines": [1218], "excluded_lines": [], "start_line": 1205}, "": {"executed_lines": [], "summary": {"covered_lines": 0, "num_statements": 66, "percent_covered": 0.0, "percent_covered_display": "0", "missing_lines": 66, "excluded_lines": 0, "percent_statements_covered": 0.0, "percent_statements_covered_display": "0"}, "missing_lines": [7, 8, 10, 12, 17, 23, 27, 35, 36, 43, 44, 45, 50, 60, 68, 127, 128, 235, 236, 352, 353, 468, 469, 593, 594, 686, 687, 854, 855, 868, 869, 886, 887, 904, 905, 921, 922, 940, 941, 982, 983, 1030, 1031, 1056, 1057, 1082, 1083, 1108, 1113, 1118, 1123, 1131, 1132, 1142, 1143, 1155, 1156, 1161, 1162, 1170, 1171, 1187, 1188, 1204, 1205, 1221], "excluded_lines": [], "start_line": 1}}, "classes": {"": {"executed_lines": [], "summary": {"covered_lines": 0, "num_statements": 277, "percent_covered": 0.0, "percent_covered_display": "0", "missing_lines": 277, "excluded_lines": 0, "percent_statements_covered": 0.0, "percent_statements_covered_display": "0"}, "missing_lines": [7, 8, 10, 12, 17, 23, 27, 35, 36, 43, 44, 45, 50, 60, 68, 127, 128, 152, 154, 157, 168, 175, 176, 182, 183, 186, 187, 190, 191, 193, 204, 206, 208, 218, 220, 222, 232, 235, 236, 254, 256, 258, 266, 269, 270, 271, 272, 273, 276, 277, 285, 287, 288, 296, 299, 300, 301, 302, 305, 306, 307, 310, 311, 312, 313, 314, 317, 318, 321, 322, 323, 324, 327, 329, 339, 341, 342, 349, 352, 353, 373, 381, 383, 392, 395, 396, 402, 403, 410, 411, 413, 415, 418, 419, 421, 423, 430, 431, 434, 442, 445, 454, 460, 461, 468, 469, 493, 495, 497, 507, 510, 511, 517, 518, 525, 526, 528, 530, 533, 534, 536, 538, 545, 546, 548, 550, 558, 563, 568, 571, 583, 585, 586, 593, 594, 618, 620, 622, 625, 636, 645, 658, 660, 661, 662, 663, 669, 674, 675, 686, 687, 724, 726, 735, 738, 740, 741, 742, 743, 760, 770, 771, 775, 776, 780, 782, 787, 789, 790, 791, 792, 793, 794, 795, 802, 815, 816, 819, 821, 824, 833, 834, 835, 837, 839, 840, 854, 855, 863, 865, 868, 869, 881, 883, 886, 887, 901, 904, 905, 918, 921, 922, 934, 940, 941, 962, 963, 969, 974, 975, 982, 983, 1006, 1007, 1014, 1019, 1020, 1030, 1031, 1042, 1043, 1044, 1048, 1049, 1056, 1057, 1068, 1069, 1070, 1074, 1075, 1082, 1083, 1094, 1095, 1096, 1100, 1101, 1108, 1110, 1113, 1115, 1118, 1120, 1123, 1125, 1131, 1132, 1134, 1135, 1136, 1137, 1138, 1139, 1142, 1143, 1145, 1148, 1149, 1150, 1152, 1155, 1156, 1158, 1161, 1162, 1164, 1170, 1171, 1184, 1187, 1188, 1201, 1204, 1205, 1218, 1221], "excluded_lines": [], "start_line": 1}}}, "src/skill_creator_mcp/utils/__init__.py": {"executed_lines": [], "summary": {"covered_lines": 0, "num_statements": 6, "percent_covered": 0.0, "percent_covered_display": "0", "missing_lines": 6, "excluded_lines": 0, "percent_statements_covered": 0.0, "percent_statements_covered_display": "0"}, "missing_lines": [3, 10, 18, 19, 24, 34], "excluded_lines": [], "functions": {"": {"executed_lines": [], "summary": {"covered_lines": 0, "num_statements": 6, "percent_covered": 0.0, "percent_covered_display": "0", "missing_lines": 6, "excluded_lines": 0, "percent_statements_covered": 0.0, "percent_statements_covered_display": "0"}, "missing_lines": [3, 10, 18, 19, 24, 34], "excluded_lines": [], "start_line": 1}}, "classes": {"": {"executed_lines": [], "summary": {"covered_lines": 0, "num_statements": 6, "percent_covered": 0.0, "percent_covered_display": "0", "missing_lines": 6, "excluded_lines": 0, "percent_statements_covered": 0.0, "percent_statements_covered_display": "0"}, "missing_lines": [3, 10, 18, 19, 24, 34], "excluded_lines": [], "start_line": 1}}}, "src/skill_creator_mcp/utils/analyzers.py": {"executed_lines": [], "summary": {"covered_lines": 0, "num_statements": 227, "percent_covered": 0.0, "percent_covered_display": "0", "missing_lines": 227, "excluded_lines": 2, "percent_statements_covered": 0.0, "percent_statements_covered_display": "0"}, "missing_lines": [3, 4, 5, 6, 8, 24, 33, 35, 36, 37, 40, 41, 42, 44, 45, 47, 48, 49, 50, 53, 54, 56, 63, 73, 75, 76, 77, 78, 79, 80, 81, 82, 83, 84, 85, 86, 87, 88, 90, 93, 102, 104, 105, 106, 108, 109, 110, 112, 114, 117, 118, 119, 120, 121, 122, 123, 125, 128, 135, 142, 153, 154, 157, 158, 159, 160, 162, 163, 164, 166, 167, 170, 173, 174, 176, 177, 178, 180, 181, 183, 184, 185, 186, 188, 189, 192, 195, 196, 197, 198, 201, 202, 203, 206, 209, 211, 214, 219, 221, 223, 227, 228, 229, 230, 232, 235, 240, 241, 244, 245, 247, 248, 250, 251, 253, 256, 265, 267, 268, 269, 270, 271, 272, 273, 274, 275, 277, 280, 289, 292, 295, 298, 300, 302, 310, 319, 322, 323, 326, 327, 330, 331, 334, 335, 339, 340, 342, 343, 344, 345, 346, 347, 348, 349, 350, 351, 354, 355, 357, 360, 369, 372, 373, 375, 376, 377, 378, 379, 380, 381, 384, 385, 386, 387, 388, 390, 393, 402, 405, 406, 408, 412, 413, 414, 415, 417, 418, 421, 422, 423, 427, 428, 430, 433, 448, 451, 452, 454, 455, 457, 458, 461, 462, 466, 467, 472, 473, 475, 476, 478, 481, 491, 494, 495, 496, 497, 498, 499, 500, 502, 505, 506, 507, 508, 509, 511, 513], "excluded_lines": [16, 17], "functions": {"_analyze_structure": {"executed_lines": [], "summary": {"covered_lines": 0, "num_statements": 16, "percent_covered": 0.0, "percent_covered_display": "0", "missing_lines": 16, "excluded_lines": 0, "percent_statements_covered": 0.0, "percent_statements_covered_display": "0"}, "missing_lines": [33, 35, 36, 37, 40, 41, 42, 44, 45, 47, 48, 49, 50, 53, 54, 56], "excluded_lines": [], "start_line": 24}, "_categorize_file": {"executed_lines": [], "summary": {"covered_lines": 0, "num_statements": 16, "percent_covered": 0.0, "percent_covered_display": "0", "missing_lines": 16, "excluded_lines": 0, "percent_statements_covered": 0.0, "percent_statements_covered_display": "0"}, "missing_lines": [73, 75, 76, 77, 78, 79, 80, 81, 82, 83, 84, 85, 86, 87, 88, 90], "excluded_lines": [], "start_line": 63}, "_analyze_complexity": {"executed_lines": [], "summary": {"covered_lines": 0, "num_statements": 19, "percent_covered": 0.0, "percent_covered_display": "0", "missing_lines": 19, "excluded_lines": 0, "percent_statements_covered": 0.0, "percent_statements_covered_display": "0"}, "missing_lines": [102, 104, 105, 106, 108, 109, 110, 112, 114, 117, 118, 119, 120, 121, 122, 123, 125, 128, 135], "excluded_lines": [], "start_line": 93}, "_detect_code_duplication": {"executed_lines": [], "summary": {"covered_lines": 0, "num_statements": 34, "percent_covered": 0.0, "percent_covered_display": "0", "missing_lines": 34, "excluded_lines": 0, "percent_statements_covered": 0.0, "percent_statements_covered_display": "0"}, "missing_lines": [153, 154, 157, 158, 159, 160, 162, 163, 164, 166, 167, 170, 173, 174, 176, 177, 178, 180, 181, 183, 184, 185, 186, 188, 189, 192, 195, 196, 197, 198, 201, 202, 203, 206], "excluded_lines": [], "start_line": 142}, "_count_ast_nodes": {"executed_lines": [], "summary": {"covered_lines": 0, "num_statements": 1, "percent_covered": 0.0, "percent_covered_display": "0", "missing_lines": 1, "excluded_lines": 0, "percent_statements_covered": 0.0, "percent_statements_covered_display": "0"}, "missing_lines": [211], "excluded_lines": [], "start_line": 209}, "_normalize_ast": {"executed_lines": [], "summary": {"covered_lines": 0, "num_statements": 8, "percent_covered": 0.0, "percent_covered_display": "0", "missing_lines": 8, "excluded_lines": 0, "percent_statements_covered": 0.0, "percent_statements_covered_display": "0"}, "missing_lines": [219, 221, 223, 227, 228, 229, 230, 232], "excluded_lines": [], "start_line": 214}, "_calculate_ast_similarity": {"executed_lines": [], "summary": {"covered_lines": 0, "num_statements": 9, "percent_covered": 0.0, "percent_covered_display": "0", "missing_lines": 9, "excluded_lines": 0, "percent_statements_covered": 0.0, "percent_statements_covered_display": "0"}, "missing_lines": [240, 241, 244, 245, 247, 248, 250, 251, 253], "excluded_lines": [], "start_line": 235}, "_calculate_cyclomatic_complexity": {"executed_lines": [], "summary": {"covered_lines": 0, "num_statements": 11, "percent_covered": 0.0, "percent_covered_display": "0", "missing_lines": 11, "excluded_lines": 0, "percent_statements_covered": 0.0, "percent_statements_covered_display": "0"}, "missing_lines": [265, 267, 268, 269, 270, 271, 272, 273, 274, 275, 277], "excluded_lines": [], "start_line": 256}, "_analyze_quality": {"executed_lines": [], "summary": {"covered_lines": 0, "num_statements": 6, "percent_covered": 0.0, "percent_covered_display": "0", "missing_lines": 6, "excluded_lines": 0, "percent_statements_covered": 0.0, "percent_statements_covered_display": "0"}, "missing_lines": [289, 292, 295, 298, 300, 302], "excluded_lines": [], "start_line": 280}, "_calculate_structure_score": {"executed_lines": [], "summary": {"covered_lines": 0, "num_statements": 24, "percent_covered": 0.0, "percent_covered_display": "0", "missing_lines": 24, "excluded_lines": 0, "percent_statements_covered": 0.0, "percent_statements_covered_display": "0"}, "missing_lines": [319, 322, 323, 326, 327, 330, 331, 334, 335, 339, 340, 342, 343, 344, 345, 346, 347, 348, 349, 350, 351, 354, 355, 357], "excluded_lines": [], "start_line": 310}, "_calculate_documentation_score": {"executed_lines": [], "summary": {"covered_lines": 0, "num_statements": 16, "percent_covered": 0.0, "percent_covered_display": "0", "missing_lines": 16, "excluded_lines": 0, "percent_statements_covered": 0.0, "percent_statements_covered_display": "0"}, "missing_lines": [369, 372, 373, 375, 376, 377, 378, 379, 380, 381, 384, 385, 386, 387, 388, 390], "excluded_lines": [], "start_line": 360}, "_calculate_test_score": {"executed_lines": [], "summary": {"covered_lines": 0, "num_statements": 16, "percent_covered": 0.0, "percent_covered_display": "0", "missing_lines": 16, "excluded_lines": 0, "percent_statements_covered": 0.0, "percent_statements_covered_display": "0"}, "missing_lines": [402, 405, 406, 408, 412, 413, 414, 415, 417, 418, 421, 422, 423, 427, 428, 430], "excluded_lines": [], "start_line": 393}, "_generate_suggestions": {"executed_lines": [], "summary": {"covered_lines": 0, "num_statements": 16, "percent_covered": 0.0, "percent_covered_display": "0", "missing_lines": 16, "excluded_lines": 0, "percent_statements_covered": 0.0, "percent_statements_covered_display": "0"}, "missing_lines": [448, 451, 452, 454, 455, 457, 458, 461, 462, 466, 467, 472, 473, 475, 476, 478], "excluded_lines": [], "start_line": 433}, "_generate_analysis_summary": {"executed_lines": [], "summary": {"covered_lines": 0, "num_statements": 16, "percent_covered": 0.0, "percent_covered_display": "0", "missing_lines": 16, "excluded_lines": 0, "percent_statements_covered": 0.0, "percent_statements_covered_display": "0"}, "missing_lines": [491, 494, 495, 496, 497, 498, 499, 500, 502, 505, 506, 507, 508, 509, 511, 513], "excluded_lines": [], "start_line": 481}, "": {"executed_lines": [], "summary": {"covered_lines": 0, "num_statements": 19, "percent_covered": 0.0, "percent_covered_display": "0", "missing_lines": 19, "excluded_lines": 2, "percent_statements_covered": 0.0, "percent_statements_covered_display": "0"}, "missing_lines": [3, 4, 5, 6, 8, 24, 63, 93, 142, 209, 214, 235, 256, 280, 310, 360, 393, 433, 481], "excluded_lines": [16, 17], "start_line": 1}}, "classes": {"": {"executed_lines": [], "summary": {"covered_lines": 0, "num_statements": 227, "percent_covered": 0.0, "percent_covered_display": "0", "missing_lines": 227, "excluded_lines": 2, "percent_statements_covered": 0.0, "percent_statements_covered_display": "0"}, "missing_lines": [3, 4, 5, 6, 8, 24, 33, 35, 36, 37, 40, 41, 42, 44, 45, 47, 48, 49, 50, 53, 54, 56, 63, 73, 75, 76, 77, 78, 79, 80, 81, 82, 83, 84, 85, 86, 87, 88, 90, 93, 102, 104, 105, 106, 108, 109, 110, 112, 114, 117, 118, 119, 120, 121, 122, 123, 125, 128, 135, 142, 153, 154, 157, 158, 159, 160, 162, 163, 164, 166, 167, 170, 173, 174, 176, 177, 178, 180, 181, 183, 184, 185, 186, 188, 189, 192, 195, 196, 197, 198, 201, 202, 203, 206, 209, 211, 214, 219, 221, 223, 227, 228, 229, 230, 232, 235, 240, 241, 244, 245, 247, 248, 250, 251, 253, 256, 265, 267, 268, 269, 270, 271, 272, 273, 274, 275, 277, 280, 289, 292, 295, 298, 300, 302, 310, 319, 322, 323, 326, 327, 330, 331, 334, 335, 339, 340, 342, 343, 344, 345, 346, 347, 348, 349, 350, 351, 354, 355, 357, 360, 369, 372, 373, 375, 376, 377, 378, 379, 380, 381, 384, 385, 386, 387, 388, 390, 393, 402, 405, 406, 408, 412, 413, 414, 415, 417, 418, 421, 422, 423, 427, 428, 430, 433, 448, 451, 452, 454, 455, 457, 458, 461, 462, 466, 467, 472, 473, 475, 476, 478, 481, 491, 494, 495, 496, 497, 498, 499, 500, 502, 505, 506, 507, 508, 509, 511, 513], "excluded_lines": [16, 17], "start_line": 1}}}, "src/skill_creator_mcp/utils/cache.py": {"executed_lines": [], "summary": {"covered_lines": 0, "num_statements": 90, "percent_covered": 0.0, "percent_covered_display": "0", "missing_lines": 90, "excluded_lines": 0, "percent_statements_covered": 0.0, "percent_statements_covered_display": "0"}, "missing_lines": [6, 7, 8, 10, 12, 14, 16, 19, 22, 23, 24, 25, 26, 27, 30, 36, 43, 44, 45, 46, 48, 58, 59, 61, 64, 65, 66, 67, 68, 71, 72, 75, 76, 77, 79, 80, 81, 83, 96, 99, 100, 101, 102, 103, 105, 114, 115, 116, 118, 120, 129, 130, 131, 132, 133, 134, 135, 137, 139, 140, 141, 143, 149, 158, 161, 182, 183, 185, 186, 187, 188, 189, 192, 195, 196, 197, 200, 201, 202, 204, 206, 209, 219, 220, 221, 222, 223, 224, 227, 236], "excluded_lines": [], "functions": {"MemoryCache.__init__": {"executed_lines": [], "summary": {"covered_lines": 0, "num_statements": 4, "percent_covered": 0.0, "percent_covered_display": "0", "missing_lines": 4, "excluded_lines": 0, "percent_statements_covered": 0.0, "percent_statements_covered_display": "0"}, "missing_lines": [43, 44, 45, 46], "excluded_lines": [], "start_line": 36}, "MemoryCache.get": {"executed_lines": [], "summary": {"covered_lines": 0, "num_statements": 16, "percent_covered": 0.0, "percent_covered_display": "0", "missing_lines": 16, "excluded_lines": 0, "percent_statements_covered": 0.0, "percent_statements_covered_display": "0"}, "missing_lines": [58, 59, 61, 64, 65, 66, 67, 68, 71, 72, 75, 76, 77, 79, 80, 81], "excluded_lines": [], "start_line": 48}, "MemoryCache.set": {"executed_lines": [], "summary": {"covered_lines": 0, "num_statements": 11, "percent_covered": 0.0, "percent_covered_display": "0", "missing_lines": 11, "excluded_lines": 0, "percent_statements_covered": 0.0, "percent_statements_covered_display": "0"}, "missing_lines": [96, 99, 100, 101, 102, 103, 105, 114, 115, 116, 118], "excluded_lines": [], "start_line": 83}, "MemoryCache.delete": {"executed_lines": [], "summary": {"covered_lines": 0, "num_statements": 7, "percent_covered": 0.0, "percent_covered_display": "0", "missing_lines": 7, "excluded_lines": 0, "percent_statements_covered": 0.0, "percent_statements_covered_display": "0"}, "missing_lines": [129, 130, 131, 132, 133, 134, 135], "excluded_lines": [], "start_line": 120}, "MemoryCache.clear": {"executed_lines": [], "summary": {"covered_lines": 0, "num_statements": 3, "percent_covered": 0.0, "percent_covered_display": "0", "missing_lines": 3, "excluded_lines": 0, "percent_statements_covered": 0.0, "percent_statements_covered_display": "0"}, "missing_lines": [139, 140, 141], "excluded_lines": [], "start_line": 137}, "MemoryCache.get_stats": {"executed_lines": [], "summary": {"covered_lines": 0, "num_statements": 1, "percent_covered": 0.0, "percent_covered_display": "0", "missing_lines": 1, "excluded_lines": 0, "percent_statements_covered": 0.0, "percent_statements_covered_display": "0"}, "missing_lines": [149], "excluded_lines": [], "start_line": 143}, "cached": {"executed_lines": [], "summary": {"covered_lines": 0, "num_statements": 2, "percent_covered": 0.0, "percent_covered_display": "0", "missing_lines": 2, "excluded_lines": 0, "percent_statements_covered": 0.0, "percent_statements_covered_display": "0"}, "missing_lines": [182, 206], "excluded_lines": [], "start_line": 161}, "cached.decorator": {"executed_lines": [], "summary": {"covered_lines": 0, "num_statements": 2, "percent_covered": 0.0, "percent_covered_display": "0", "missing_lines": 2, "excluded_lines": 0, "percent_statements_covered": 0.0, "percent_statements_covered_display": "0"}, "missing_lines": [183, 204], "excluded_lines": [], "start_line": 182}, "cached.decorator.wrapper": {"executed_lines": [], "summary": {"covered_lines": 0, "num_statements": 12, "percent_covered": 0.0, "percent_covered_display": "0", "missing_lines": 12, "excluded_lines": 0, "percent_statements_covered": 0.0, "percent_statements_covered_display": "0"}, "missing_lines": [185, 186, 187, 188, 189, 192, 195, 196, 197, 200, 201, 202], "excluded_lines": [], "start_line": 183}, "cache_key": {"executed_lines": [], "summary": {"covered_lines": 0, "num_statements": 6, "percent_covered": 0.0, "percent_covered_display": "0", "missing_lines": 6, "excluded_lines": 0, "percent_statements_covered": 0.0, "percent_statements_covered_display": "0"}, "missing_lines": [219, 220, 221, 222, 223, 224], "excluded_lines": [], "start_line": 209}, "hash_content": {"executed_lines": [], "summary": {"covered_lines": 0, "num_statements": 1, "percent_covered": 0.0, "percent_covered_display": "0", "missing_lines": 1, "excluded_lines": 0, "percent_statements_covered": 0.0, "percent_statements_covered_display": "0"}, "missing_lines": [236], "excluded_lines": [], "start_line": 227}, "": {"executed_lines": [], "summary": {"covered_lines": 0, "num_statements": 25, "percent_covered": 0.0, "percent_covered_display": "0", "missing_lines": 25, "excluded_lines": 0, "percent_statements_covered": 0.0, "percent_statements_covered_display": "0"}, "missing_lines": [6, 7, 8, 10, 12, 14, 16, 19, 22, 23, 24, 25, 26, 27, 30, 36, 48, 83, 120, 137, 143, 158, 161, 209, 227], "excluded_lines": [], "start_line": 1}}, "classes": {"CacheEntry": {"executed_lines": [], "summary": {"covered_lines": 0, "num_statements": 0, "percent_covered": 100.0, "percent_covered_display": "100", "missing_lines": 0, "excluded_lines": 0, "percent_statements_covered": 100.0, "percent_statements_covered_display": "100"}, "missing_lines": [], "excluded_lines": [], "start_line": 19}, "MemoryCache": {"executed_lines": [], "summary": {"covered_lines": 0, "num_statements": 42, "percent_covered": 0.0, "percent_covered_display": "0", "missing_lines": 42, "excluded_lines": 0, "percent_statements_covered": 0.0, "percent_statements_covered_display": "0"}, "missing_lines": [43, 44, 45, 46, 58, 59, 61, 64, 65, 66, 67, 68, 71, 72, 75, 76, 77, 79, 80, 81, 96, 99, 100, 101, 102, 103, 105, 114, 115, 116, 118, 129, 130, 131, 132, 133, 134, 135, 139, 140, 141, 149], "excluded_lines": [], "start_line": 30}, "": {"executed_lines": [], "summary": {"covered_lines": 0, "num_statements": 48, "percent_covered": 0.0, "percent_covered_display": "0", "missing_lines": 48, "excluded_lines": 0, "percent_statements_covered": 0.0, "percent_statements_covered_display": "0"}, "missing_lines": [6, 7, 8, 10, 12, 14, 16, 19, 22, 23, 24, 25, 26, 27, 30, 36, 48, 83, 120, 137, 143, 158, 161, 182, 183, 185, 186, 187, 188, 189, 192, 195, 196, 197, 200, 201, 202, 204, 206, 209, 219, 220, 221, 222, 223, 224, 227, 236], "excluded_lines": [], "start_line": 1}}}, "src/skill_creator_mcp/utils/capability_detection.py": {"executed_lines": [], "summary": {"covered_lines": 0, "num_statements": 24, "percent_covered": 0.0, "percent_covered_display": "0", "missing_lines": 24, "excluded_lines": 0, "percent_statements_covered": 0.0, "percent_statements_covered_display": "0"}, "missing_lines": [3, 5, 8, 17, 18, 22, 27, 28, 29, 30, 36, 44, 53, 54, 55, 61, 62, 63, 64, 70, 78, 87, 88, 90], "excluded_lines": [], "functions": {"check_sampling_capability": {"executed_lines": [], "summary": {"covered_lines": 0, "num_statements": 8, "percent_covered": 0.0, "percent_covered_display": "0", "missing_lines": 8, "excluded_lines": 0, "percent_statements_covered": 0.0, "percent_statements_covered_display": "0"}, "missing_lines": [17, 18, 22, 27, 28, 29, 30, 36], "excluded_lines": [], "start_line": 8}, "check_elicitation_capability": {"executed_lines": [], "summary": {"covered_lines": 0, "num_statements": 8, "percent_covered": 0.0, "percent_covered_display": "0", "missing_lines": 8, "excluded_lines": 0, "percent_statements_covered": 0.0, "percent_statements_covered_display": "0"}, "missing_lines": [53, 54, 55, 61, 62, 63, 64, 70], "excluded_lines": [], "start_line": 44}, "get_client_capabilities": {"executed_lines": [], "summary": {"covered_lines": 0, "num_statements": 3, "percent_covered": 0.0, "percent_covered_display": "0", "missing_lines": 3, "excluded_lines": 0, "percent_statements_covered": 0.0, "percent_statements_covered_display": "0"}, "missing_lines": [87, 88, 90], "excluded_lines": [], "start_line": 78}, "": {"executed_lines": [], "summary": {"covered_lines": 0, "num_statements": 5, "percent_covered": 0.0, "percent_covered_display": "0", "missing_lines": 5, "excluded_lines": 0, "percent_statements_covered": 0.0, "percent_statements_covered_display": "0"}, "missing_lines": [3, 5, 8, 44, 78], "excluded_lines": [], "start_line": 1}}, "classes": {"": {"executed_lines": [], "summary": {"covered_lines": 0, "num_statements": 24, "percent_covered": 0.0, "percent_covered_display": "0", "missing_lines": 24, "excluded_lines": 0, "percent_statements_covered": 0.0, "percent_statements_covered_display": "0"}, "missing_lines": [3, 5, 8, 17, 18, 22, 27, 28, 29, 30, 36, 44, 53, 54, 55, 61, 62, 63, 64, 70, 78, 87, 88, 90], "excluded_lines": [], "start_line": 1}}}, "src/skill_creator_mcp/utils/file_ops.py": {"executed_lines": [], "summary": {"covered_lines": 0, "num_statements": 22, "percent_covered": 0.0, "percent_covered_display": "0", "missing_lines": 22, "excluded_lines": 0, "percent_statements_covered": 0.0, "percent_statements_covered_display": "0"}, "missing_lines": [3, 4, 7, 22, 25, 33, 34, 36, 39, 54, 57, 65, 66, 68, 71, 84, 87, 99, 102, 115, 118, 131], "excluded_lines": [], "functions": {"create_directory_structure_async": {"executed_lines": [], "summary": {"covered_lines": 0, "num_statements": 5, "percent_covered": 0.0, "percent_covered_display": "0", "missing_lines": 5, "excluded_lines": 0, "percent_statements_covered": 0.0, "percent_statements_covered_display": "0"}, "missing_lines": [22, 25, 33, 34, 36], "excluded_lines": [], "start_line": 7}, "create_directory_structure": {"executed_lines": [], "summary": {"covered_lines": 0, "num_statements": 5, "percent_covered": 0.0, "percent_covered_display": "0", "missing_lines": 5, "excluded_lines": 0, "percent_statements_covered": 0.0, "percent_statements_covered_display": "0"}, "missing_lines": [54, 57, 65, 66, 68], "excluded_lines": [], "start_line": 39}, "write_file_async": {"executed_lines": [], "summary": {"covered_lines": 0, "num_statements": 1, "percent_covered": 0.0, "percent_covered_display": "0", "missing_lines": 1, "excluded_lines": 0, "percent_statements_covered": 0.0, "percent_statements_covered_display": "0"}, "missing_lines": [84], "excluded_lines": [], "start_line": 71}, "write_file": {"executed_lines": [], "summary": {"covered_lines": 0, "num_statements": 1, "percent_covered": 0.0, "percent_covered_display": "0", "missing_lines": 1, "excluded_lines": 0, "percent_statements_covered": 0.0, "percent_statements_covered_display": "0"}, "missing_lines": [99], "excluded_lines": [], "start_line": 87}, "read_file_async": {"executed_lines": [], "summary": {"covered_lines": 0, "num_statements": 1, "percent_covered": 0.0, "percent_covered_display": "0", "missing_lines": 1, "excluded_lines": 0, "percent_statements_covered": 0.0, "percent_statements_covered_display": "0"}, "missing_lines": [115], "excluded_lines": [], "start_line": 102}, "read_file": {"executed_lines": [], "summary": {"covered_lines": 0, "num_statements": 1, "percent_covered": 0.0, "percent_covered_display": "0", "missing_lines": 1, "excluded_lines": 0, "percent_statements_covered": 0.0, "percent_statements_covered_display": "0"}, "missing_lines": [131], "excluded_lines": [], "start_line": 118}, "": {"executed_lines": [], "summary": {"covered_lines": 0, "num_statements": 8, "percent_covered": 0.0, "percent_covered_display": "0", "missing_lines": 8, "excluded_lines": 0, "percent_statements_covered": 0.0, "percent_statements_covered_display": "0"}, "missing_lines": [3, 4, 7, 39, 71, 87, 102, 118], "excluded_lines": [], "start_line": 1}}, "classes": {"": {"executed_lines": [], "summary": {"covered_lines": 0, "num_statements": 22, "percent_covered": 0.0, "percent_covered_display": "0", "missing_lines": 22, "excluded_lines": 0, "percent_statements_covered": 0.0, "percent_statements_covered_display": "0"}, "missing_lines": [3, 4, 7, 22, 25, 33, 34, 36, 39, 54, 57, 65, 66, 68, 71, 84, 87, 99, 102, 115, 118, 131], "excluded_lines": [], "start_line": 1}}}, "src/skill_creator_mcp/utils/packagers.py": {"executed_lines": [], "summary": {"covered_lines": 0, "num_statements": 119, "percent_covered": 0.0, "percent_covered_display": "0", "missing_lines": 119, "excluded_lines": 2, "percent_statements_covered": 0.0, "percent_statements_covered_display": "0"}, "missing_lines": [3, 4, 5, 6, 7, 13, 32, 34, 35, 38, 39, 46, 47, 54, 55, 58, 59, 66, 67, 68, 70, 71, 72, 73, 75, 76, 79, 80, 90, 93, 94, 95, 96, 97, 99, 101, 104, 107, 108, 109, 110, 111, 113, 121, 123, 134, 135, 143, 153, 156, 174, 175, 176, 178, 181, 182, 184, 186, 189, 204, 207, 208, 210, 211, 212, 215, 216, 219, 220, 221, 222, 223, 224, 226, 229, 241, 242, 243, 244, 245, 248, 262, 264, 265, 266, 267, 268, 271, 288, 289, 290, 291, 292, 293, 294, 296, 297, 298, 299, 300, 301, 302, 303, 304, 305, 306, 307, 308, 309, 310, 311, 313, 316, 325, 326, 327, 328, 329, 330], "excluded_lines": [9, 10], "functions": {"package_skill": {"executed_lines": [], "summary": {"covered_lines": 0, "num_statements": 41, "percent_covered": 0.0, "percent_covered_display": "0", "missing_lines": 41, "excluded_lines": 0, "percent_statements_covered": 0.0, "percent_statements_covered_display": "0"}, "missing_lines": [32, 34, 35, 38, 39, 46, 47, 54, 55, 58, 59, 66, 67, 68, 70, 71, 72, 73, 75, 76, 79, 80, 90, 93, 94, 95, 96, 97, 99, 101, 104, 107, 108, 109, 110, 111, 113, 121, 123, 134, 135], "excluded_lines": [], "start_line": 13}, "_collect_files": {"executed_lines": [], "summary": {"covered_lines": 0, "num_statements": 10, "percent_covered": 0.0, "percent_covered_display": "0", "missing_lines": 10, "excluded_lines": 0, "percent_statements_covered": 0.0, "percent_statements_covered_display": "0"}, "missing_lines": [153, 156, 174, 175, 176, 178, 181, 182, 184, 186], "excluded_lines": [], "start_line": 143}, "_should_exclude": {"executed_lines": [], "summary": {"covered_lines": 0, "num_statements": 15, "percent_covered": 0.0, "percent_covered_display": "0", "missing_lines": 15, "excluded_lines": 0, "percent_statements_covered": 0.0, "percent_statements_covered_display": "0"}, "missing_lines": [204, 207, 208, 210, 211, 212, 215, 216, 219, 220, 221, 222, 223, 224, 226], "excluded_lines": [], "start_line": 189}, "_create_zip_package": {"executed_lines": [], "summary": {"covered_lines": 0, "num_statements": 5, "percent_covered": 0.0, "percent_covered_display": "0", "missing_lines": 5, "excluded_lines": 0, "percent_statements_covered": 0.0, "percent_statements_covered_display": "0"}, "missing_lines": [241, 242, 243, 244, 245], "excluded_lines": [], "start_line": 229}, "_create_tar_package": {"executed_lines": [], "summary": {"covered_lines": 0, "num_statements": 6, "percent_covered": 0.0, "percent_covered_display": "0", "missing_lines": 6, "excluded_lines": 0, "percent_statements_covered": 0.0, "percent_statements_covered_display": "0"}, "missing_lines": [262, 264, 265, 266, 267, 268], "excluded_lines": [], "start_line": 248}, "generate_package_manifest": {"executed_lines": [], "summary": {"covered_lines": 0, "num_statements": 24, "percent_covered": 0.0, "percent_covered_display": "0", "missing_lines": 24, "excluded_lines": 0, "percent_statements_covered": 0.0, "percent_statements_covered_display": "0"}, "missing_lines": [288, 289, 290, 291, 292, 293, 294, 296, 297, 298, 299, 300, 301, 302, 303, 304, 305, 306, 307, 308, 309, 310, 311, 313], "excluded_lines": [], "start_line": 271}, "_format_size": {"executed_lines": [], "summary": {"covered_lines": 0, "num_statements": 6, "percent_covered": 0.0, "percent_covered_display": "0", "missing_lines": 6, "excluded_lines": 0, "percent_statements_covered": 0.0, "percent_statements_covered_display": "0"}, "missing_lines": [325, 326, 327, 328, 329, 330], "excluded_lines": [], "start_line": 316}, "": {"executed_lines": [], "summary": {"covered_lines": 0, "num_statements": 12, "percent_covered": 0.0, "percent_covered_display": "0", "missing_lines": 12, "excluded_lines": 2, "percent_statements_covered": 0.0, "percent_statements_covered_display": "0"}, "missing_lines": [3, 4, 5, 6, 7, 13, 143, 189, 229, 248, 271, 316], "excluded_lines": [9, 10], "start_line": 1}}, "classes": {"": {"executed_lines": [], "summary": {"covered_lines": 0, "num_statements": 119, "percent_covered": 0.0, "percent_covered_display": "0", "missing_lines": 119, "excluded_lines": 2, "percent_statements_covered": 0.0, "percent_statements_covered_display": "0"}, "missing_lines": [3, 4, 5, 6, 7, 13, 32, 34, 35, 38, 39, 46, 47, 54, 55, 58, 59, 66, 67, 68, 70, 71, 72, 73, 75, 76, 79, 80, 90, 93, 94, 95, 96, 97, 99, 101, 104, 107, 108, 109, 110, 111, 113, 121, 123, 134, 135, 143, 153, 156, 174, 175, 176, 178, 181, 182, 184, 186, 189, 204, 207, 208, 210, 211, 212, 215, 216, 219, 220, 221, 222, 223, 224, 226, 229, 241, 242, 243, 244, 245, 248, 262, 264, 265, 266, 267, 268, 271, 288, 289, 290, 291, 292, 293, 294, 296, 297, 298, 299, 300, 301, 302, 303, 304, 305, 306, 307, 308, 309, 310, 311, 313, 316, 325, 326, 327, 328, 329, 330], "excluded_lines": [9, 10], "start_line": 1}}}, "src/skill_creator_mcp/utils/refactorors.py": {"executed_lines": [], "summary": {"covered_lines": 0, "num_statements": 132, "percent_covered": 0.0, "percent_covered_display": "0", "missing_lines": 132, "excluded_lines": 2, "percent_statements_covered": 0.0, "percent_statements_covered_display": "0"}, "missing_lines": [3, 4, 6, 22, 41, 44, 45, 46, 47, 50, 51, 65, 66, 78, 79, 91, 92, 104, 105, 117, 118, 130, 131, 143, 144, 145, 146, 147, 162, 163, 164, 165, 166, 167, 183, 185, 186, 189, 202, 203, 206, 215, 216, 217, 218, 219, 222, 223, 224, 225, 227, 230, 231, 233, 236, 244, 245, 246, 247, 248, 260, 279, 280, 282, 283, 284, 285, 286, 287, 288, 289, 291, 292, 293, 294, 295, 297, 298, 299, 300, 301, 302, 305, 306, 307, 309, 311, 312, 313, 314, 315, 316, 317, 319, 320, 321, 322, 323, 324, 325, 327, 328, 329, 330, 331, 332, 333, 335, 336, 338, 340, 341, 342, 343, 344, 346, 347, 348, 349, 350, 352, 353, 354, 355, 356,
[...]
23, 124, 128, 130, 133, 148, 152, 154, 157, 165, 166, 167, 168, 169, 170, 173, 176, 177, 185, 188, 189, 192, 195, 198, 200, 201, 204, 205, 208, 214, 229, 230, 239, 258, 259, 261, 267, 277, 280, 281, 283, 285, 286, 287, 288, 291, 296, 297, 298, 300, 309, 312, 321, 322, 324, 326, 327, 328, 329, 332, 347, 362, 381, 384, 385, 386, 391, 392, 409, 410, 411, 412, 419, 434, 443, 459, 460, 462, 465, 474, 475, 476, 477, 478, 479, 481, 486, 505, 508, 509, 510, 511, 515, 529, 530, 532, 547, 548, 550, 551, 562, 563, 564, 571, 583, 590, 617, 619, 621, 622, 625, 626, 629, 630, 633, 634, 636, 641, 642, 658, 673, 674, 681, 682, 683, 690, 695, 696, 705, 708, 709, 712, 713, 715, 720, 721, 725, 742, 750, 764, 765, 766, 769, 772, 773, 774, 779, 780, 786, 787, 790, 791, 796, 797, 803, 804, 805, 806, 807, 813, 814, 815, 820, 823, 837, 838, 856, 862, 863, 865, 866, 867, 868, 869, 870, 871, 872, 875, 876, 878, 884, 886, 887, 889, 896, 911, 913, 914, 915, 916, 917, 919, 920, 921, 922, 924, 927, 939, 945, 947, 954, 956, 964, 966, 975, 988, 990, 992, 1011, 1018, 1019, 1020, 1021, 1022, 1029, 1030, 1033, 1043, 1044, 1046, 1054, 1057, 1068, 1069, 1071], "excluded_lines": [], "functions": {"_collect_with_elicit": {"executed_lines": [], "summary": {"covered_lines": 0, "num_statements": 72, "percent_covered": 0.0, "percent_covered_display": "0", "missing_lines": 72, "excluded_lines": 0, "percent_statements_covered": 0.0, "percent_statements_covered_display": "0"}, "missing_lines": [43, 45, 47, 48, 51, 53, 55, 56, 57, 60, 61, 62, 63, 64, 66, 67, 70, 71, 72, 73, 76, 79, 86, 88, 89, 92, 94, 95, 96, 103, 104, 105, 106, 109, 110, 111, 113, 115, 116, 120, 123, 124, 128, 130, 133, 148, 152, 154, 157, 165, 166, 167, 168, 169, 170, 173, 176, 177, 185, 188, 189, 192, 195, 198, 200, 201, 204, 205, 208, 214, 229, 230], "excluded_lines": [], "start_line": 14}, "_validate_and_init_requirement_session": {"executed_lines": [], "summary": {"covered_lines": 0, "num_statements": 18, "percent_covered": 0.0, "percent_covered_display": "0", "missing_lines": 18, "excluded_lines": 0, "percent_statements_covered": 0.0, "percent_statements_covered_display": "0"}, "missing_lines": [258, 259, 261, 267, 277, 280, 281, 283, 285, 286, 287, 288, 291, 296, 297, 298, 300, 309], "excluded_lines": [], "start_line": 239}, "_get_requirement_mode_steps": {"executed_lines": [], "summary": {"covered_lines": 0, "num_statements": 7, "percent_covered": 0.0, "percent_covered_display": "0", "missing_lines": 7, "excluded_lines": 0, "percent_statements_covered": 0.0, "percent_statements_covered_display": "0"}, "missing_lines": [321, 322, 324, 326, 327, 328, 329], "excluded_lines": [], "start_line": 312}, "_handle_requirement_status_action": {"executed_lines": [], "summary": {"covered_lines": 0, "num_statements": 1, "percent_covered": 0.0, "percent_covered_display": "0", "missing_lines": 1, "excluded_lines": 0, "percent_statements_covered": 0.0, "percent_statements_covered_display": "0"}, "missing_lines": [347], "excluded_lines": [], "start_line": 332}, "_handle_requirement_previous_action": {"executed_lines": [], "summary": {"covered_lines": 0, "num_statements": 12, "percent_covered": 0.0, "percent_covered_display": "0", "missing_lines": 12, "excluded_lines": 0, "percent_statements_covered": 0.0, "percent_statements_covered_display": "0"}, "missing_lines": [381, 384, 385, 386, 391, 392, 409, 410, 411, 412, 419, 434], "excluded_lines": [], "start_line": 362}, "_handle_requirement_start_action": {"executed_lines": [], "summary": {"covered_lines": 0, "num_statements": 11, "percent_covered": 0.0, "percent_covered_display": "0", "missing_lines": 11, "excluded_lines": 0, "percent_statements_covered": 0.0, "percent_statements_covered_display": "0"}, "missing_lines": [459, 460, 462, 465, 474, 475, 476, 477, 478, 479, 481], "excluded_lines": [], "start_line": 443}, "_get_requirement_next_question": {"executed_lines": [], "summary": {"covered_lines": 0, "num_statements": 18, "percent_covered": 0.0, "percent_covered_display": "0", "missing_lines": 18, "excluded_lines": 0, "percent_statements_covered": 0.0, "percent_statements_covered_display": "0"}, "missing_lines": [505, 508, 509, 510, 511, 515, 529, 530, 532, 547, 548, 550, 551, 562, 563, 564, 571, 583], "excluded_lines": [], "start_line": 486}, "_process_requirement_user_answer": {"executed_lines": [], "summary": {"covered_lines": 0, "num_statements": 32, "percent_covered": 0.0, "percent_covered_display": "0", "missing_lines": 32, "excluded_lines": 0, "percent_statements_covered": 0.0, "percent_statements_covered_display": "0"}, "missing_lines": [617, 619, 621, 622, 625, 626, 629, 630, 633, 634, 636, 641, 642, 658, 673, 674, 681, 682, 683, 690, 695, 696, 705, 708, 709, 712, 713, 715, 720, 721, 725, 742], "excluded_lines": [], "start_line": 590}, "_validate_requirement_answer": {"executed_lines": [], "summary": {"covered_lines": 0, "num_statements": 24, "percent_covered": 0.0, "percent_covered_display": "0", "missing_lines": 24, "excluded_lines": 0, "percent_statements_covered": 0.0, "percent_statements_covered_display": "0"}, "missing_lines": [764, 765, 766, 769, 772, 773, 774, 779, 780, 786, 787, 790, 791, 796, 797, 803, 804, 805, 806, 807, 813, 814, 815, 820], "excluded_lines": [], "start_line": 750}, "_check_requirement_completeness": {"executed_lines": [], "summary": {"covered_lines": 0, "num_statements": 20, "percent_covered": 0.0, "percent_covered_display": "0", "missing_lines": 20, "excluded_lines": 0, "percent_statements_covered": 0.0, "percent_statements_covered_display": "0"}, "missing_lines": [837, 838, 856, 862, 863, 865, 866, 867, 868, 869, 870, 871, 872, 875, 876, 878, 884, 886, 887, 889], "excluded_lines": [], "start_line": 823}, "_generate_brainstorm_question": {"executed_lines": [], "summary": {"covered_lines": 0, "num_statements": 19, "percent_covered": 0.0, "percent_covered_display": "0", "missing_lines": 19, "excluded_lines": 0, "percent_statements_covered": 0.0, "percent_statements_covered_display": "0"}, "missing_lines": [911, 913, 914, 915, 916, 917, 919, 920, 921, 922, 924, 927, 939, 945, 947, 954, 956, 964, 966], "excluded_lines": [], "start_line": 896}, "_generate_progressive_question": {"executed_lines": [], "summary": {"covered_lines": 0, "num_statements": 20, "percent_covered": 0.0, "percent_covered_display": "0", "missing_lines": 20, "excluded_lines": 0, "percent_statements_covered": 0.0, "percent_statements_covered_display": "0"}, "missing_lines": [988, 990, 992, 1011, 1018, 1019, 1020, 1021, 1022, 1029, 1030, 1033, 1043, 1044, 1046, 1054, 1057, 1068, 1069, 1071], "excluded_lines": [], "start_line": 975}, "": {"executed_lines": [], "summary": {"covered_lines": 0, "num_statements": 16, "percent_covered": 0.0, "percent_covered_display": "0", "missing_lines": 16, "excluded_lines": 0, "percent_statements_covered": 0.0, "percent_statements_covered_display": "0"}, "missing_lines": [7, 8, 9, 11, 14, 239, 312, 332, 362, 443, 486, 590, 750, 823, 896, 975], "excluded_lines": [], "start_line": 1}}, "classes": {"": {"executed_lines": [], "summary": {"covered_lines": 0, "num_statements": 270, "percent_covered": 0.0, "percent_covered_display": "0", "missing_lines": 270, "excluded_lines": 0, "percent_statements_covered": 0.0, "percent_statements_covered_display": "0"}, "missing_lines": [7, 8, 9, 11, 14, 43, 45, 47, 48, 51, 53, 55, 56, 57, 60, 61, 62, 63, 64, 66, 67, 70, 71, 72, 73, 76, 79, 86, 88, 89, 92, 94, 95, 96, 103, 104, 105, 106, 109, 110, 111, 113, 115, 116, 120, 123, 124, 128, 130, 133, 148, 152, 154, 157, 165, 166, 167, 168, 169, 170, 173, 176, 177, 185, 188, 189, 192, 195, 198, 200, 201, 204, 205, 208, 214, 229, 230, 239, 258, 259, 261, 267, 277, 280, 281, 283, 285, 286, 287, 288, 291, 296, 297, 298, 300, 309, 312, 321, 322, 324, 326, 327, 328, 329, 332, 347, 362, 381, 384, 385, 386, 391, 392, 409, 410, 411, 412, 419, 434, 443, 459, 460, 462, 465, 474, 475, 476, 477, 478, 479, 481, 486, 505, 508, 509, 510, 511, 515, 529, 530, 532, 547, 548, 550, 551, 562, 563, 564, 571, 583, 590, 617, 619, 621, 622, 625, 626, 629, 630, 633, 634, 636, 641, 642, 658, 673, 674, 681, 682, 683, 690, 695, 696, 705, 708, 709, 712, 713, 715, 720, 721, 725, 742, 750, 764, 765, 766, 769, 772, 773, 774, 779, 780, 786, 787, 790, 791, 796, 797, 803, 804, 805, 806, 807, 813, 814, 815, 820, 823, 837, 838, 856, 862, 863, 865, 866, 867, 868, 869, 870, 871, 872, 875, 876, 878, 884, 886, 887, 889, 896, 911, 913, 914, 915, 916, 917, 919, 920, 921, 922, 924, 927, 939, 945, 947, 954, 956, 964, 966, 975, 988, 990, 992, 1011, 1018, 1019, 1020, 1021, 1022, 1029, 1030, 1033, 1043, 1044, 1046, 1054, 1057, 1068, 1069, 1071], "excluded_lines": [], "start_line": 1}}}, "src/skill_creator_mcp/utils/skill_generators.py": {"executed_lines": [], "summary": {"covered_lines": 0, "num_statements": 24, "percent_covered": 0.0, "percent_covered_display": "0", "missing_lines": 24, "excluded_lines": 2, "percent_statements_covered": 0.0, "percent_statements_covered_display": "0"}, "missing_lines": [7, 9, 12, 22, 24, 31, 33, 40, 42, 90, 97, 99, 114, 116, 117, 120, 126, 145, 176, 179, 186, 188, 190, 204], "excluded_lines": [128, 147], "functions": {"_generate_skill_md_content": {"executed_lines": [], "summary": {"covered_lines": 0, "num_statements": 6, "percent_covered": 0.0, "percent_covered_display": "0", "missing_lines": 6, "excluded_lines": 0, "percent_statements_covered": 0.0, "percent_statements_covered_display": "0"}, "missing_lines": [22, 24, 31, 33, 40, 42], "excluded_lines": [], "start_line": 12}, "_create_reference_files": {"executed_lines": [], "summary": {"covered_lines": 0, "num_statements": 5, "percent_covered": 0.0, "percent_covered_display": "0", "missing_lines": 5, "excluded_lines": 0, "percent_statements_covered": 0.0, "percent_statements_covered_display": "0"}, "missing_lines": [97, 99, 114, 116, 117], "excluded_lines": [], "start_line": 90}, "_create_example_scripts": {"executed_lines": [], "summary": {"covered_lines": 0, "num_statements": 3, "percent_covered": 0.0, "percent_covered_display": "0", "missing_lines": 3, "excluded_lines": 2, "percent_statements_covered": 0.0, "percent_statements_covered_display": "0"}, "missing_lines": [126, 145, 176], "excluded_lines": [128, 147], "start_line": 120}, "_create_example_examples": {"executed_lines": [], "summary": {"covered_lines": 0, "num_statements": 4, "percent_covered": 0.0, "percent_covered_display": "0", "missing_lines": 4, "excluded_lines": 0, "percent_statements_covered": 0.0, "percent_statements_covered_display": "0"}, "missing_lines": [186, 188, 190, 204], "excluded_lines": [], "start_line": 179}, "": {"executed_lines": [], "summary": {"covered_lines": 0, "num_statements": 6, "percent_covered": 0.0, "percent_covered_display": "0", "missing_lines": 6, "excluded_lines": 0, "percent_statements_covered": 0.0, "percent_statements_covered_display": "0"}, "missing_lines": [7, 9, 12, 90, 120, 179], "excluded_lines": [], "start_line": 1}}, "classes": {"": {"executed_lines": [], "summary": {"covered_lines": 0, "num_statements": 24, "percent_covered": 0.0, "percent_covered_display": "0", "missing_lines": 24, "excluded_lines": 2, "percent_statements_covered": 0.0, "percent_statements_covered_display": "0"}, "missing_lines": [7, 9, 12, 22, 24, 31, 33, 40, 42, 90, 97, 99, 114, 116, 117, 120, 126, 145, 176, 179, 186, 188, 190, 204], "excluded_lines": [128, 147], "start_line": 1}}}, "src/skill_creator_mcp/utils/testing.py": {"executed_lines": [], "summary": {"covered_lines": 0, "num_statements": 48, "percent_covered": 0.0, "percent_covered_display": "0", "missing_lines": 48, "excluded_lines": 0, "percent_statements_covered": 0.0, "percent_statements_covered_display": "0"}, "missing_lines": [7, 8, 9, 12, 14, 17, 25, 27, 30, 42, 43, 49, 58, 59, 67, 81, 82, 85, 86, 94, 100, 101, 109, 122, 124, 125, 128, 131, 137, 138, 141, 143, 152, 153, 161, 173, 174, 190, 197, 198, 199, 200, 201, 208, 209, 212, 219, 220], "excluded_lines": [], "functions": {"check_client_capabilities": {"executed_lines": [], "summary": {"covered_lines": 0, "num_statements": 2, "percent_covered": 0.0, "percent_covered_display": "0", "missing_lines": 2, "excluded_lines": 0, "percent_statements_covered": 0.0, "percent_statements_covered_display": "0"}, "missing_lines": [25, 27], "excluded_lines": [], "start_line": 17}, "test_llm_sampling": {"executed_lines": [], "summary": {"covered_lines": 0, "num_statements": 5, "percent_covered": 0.0, "percent_covered_display": "0", "missing_lines": 5, "excluded_lines": 0, "percent_statements_covered": 0.0, "percent_statements_covered_display": "0"}, "missing_lines": [42, 43, 49, 58, 59], "excluded_lines": [], "start_line": 30}, "test_user_elicitation": {"executed_lines": [], "summary": {"covered_lines": 0, "num_statements": 7, "percent_covered": 0.0, "percent_covered_display": "0", "missing_lines": 7, "excluded_lines": 0, "percent_statements_covered": 0.0, "percent_statements_covered_display": "0"}, "missing_lines": [81, 82, 85, 86, 94, 100, 101], "excluded_lines": [], "start_line": 67}, "test_conversation_loop": {"executed_lines": [], "summary": {"covered_lines": 0, "num_statements": 11, "percent_covered": 0.0, "percent_covered_display": "0", "missing_lines": 11, "excluded_lines": 0, "percent_statements_covered": 0.0, "percent_statements_covered_display": "0"}, "missing_lines": [122, 124, 125, 128, 131, 137, 138, 141, 143, 152, 153], "excluded_lines": [], "start_line": 109}, "test_requirement_completeness": {"executed_lines": [], "summary": {"covered_lines": 0, "num_statements": 13, "percent_covered": 0.0, "percent_covered_display": "0", "missing_lines": 13, "excluded_lines": 0, "percent_statements_covered": 0.0, "percent_statements_covered_display": "0"}, "missing_lines": [173, 174, 190, 197, 198, 199, 200, 201, 208, 209, 212, 219, 220], "excluded_lines": [], "start_line": 161}, "": {"executed_lines": [], "summary": {"covered_lines": 0, "num_statements": 10, "percent_covered": 0.0, "percent_covered_display": "0", "missing_lines": 10, "excluded_lines": 0, "percent_statements_covered": 0.0, "percent_statements_covered_display": "0"}, "missing_lines": [7, 8, 9, 12, 14, 17, 30, 67, 109, 161], "excluded_lines": [], "start_line": 1}}, "classes": {"": {"executed_lines": [], "summary": {"covered_lines": 0, "num_statements": 48, "percent_covered": 0.0, "percent_covered_display": "0", "missing_lines": 48, "excluded_lines": 0, "percent_statements_covered": 0.0, "percent_statements_covered_display": "0"}, "missing_lines": [7, 8, 9, 12, 14, 17, 25, 27, 30, 42, 43, 49, 58, 59, 67, 81, 82, 85, 86, 94, 100, 101, 109, 122, 124, 125, 128, 131, 137, 138, 141, 143, 152, 153, 161, 173, 174, 190, 197, 198, 199, 200, 201, 208, 209, 212, 219, 220], "excluded_lines": [], "start_line": 1}}}, "src/skill_creator_mcp/utils/validators.py": {"executed_lines": [], "summary": {"covered_lines": 0, "num_statements": 115, "percent_covered": 0.0, "percent_covered_display": "0", "missing_lines": 115, "excluded_lines": 0, "percent_statements_covered": 0.0, "percent_statements_covered_display": "0"}, "missing_lines": [3, 4, 6, 8, 11, 19, 32, 46, 47, 48, 54, 63, 64, 66, 67, 68, 71, 83, 84, 85, 86, 92, 101, 102, 105, 106, 107, 108, 109, 110, 113, 114, 115, 116, 117, 118, 120, 121, 123, 126, 135, 136, 139, 140, 141, 142, 145, 146, 147, 149, 150, 151, 152, 153, 156, 158, 161, 170, 171, 172, 174, 175, 176, 177, 179, 182, 183, 184, 187, 188, 189, 190, 191, 193, 196, 202, 203, 204, 207, 208, 209, 210, 211, 212, 215, 217, 218, 219, 220, 221, 222, 223, 224, 225, 226, 227, 229, 232, 234, 235, 237, 238, 239, 241, 244, 254, 256, 257, 259, 260, 262, 263, 264, 265, 267], "excluded_lines": [], "functions": {"validate_skill_name": {"executed_lines": [], "summary": {"covered_lines": 0, "num_statements": 3, "percent_covered": 0.0, "percent_covered_display": "0", "missing_lines": 3, "excluded_lines": 0, "percent_statements_covered": 0.0, "percent_statements_covered_display": "0"}, "missing_lines": [46, 47, 48], "excluded_lines": [], "start_line": 32}, "validate_skill_directory": {"executed_lines": [], "summary": {"covered_lines": 0, "num_statements": 5, "percent_covered": 0.0, "percent_covered_display": "0", "missing_lines": 5, "excluded_lines": 0, "percent_statements_covered": 0.0, "percent_statements_covered_display": "0"}, "missing_lines": [63, 64, 66, 67, 68], "excluded_lines": [], "start_line": 54}, "validate_template_type": {"executed_lines": [], "summary": {"covered_lines": 0, "num_statements": 4, "percent_covered": 0.0, "percent_covered_display": "0", "missing_lines": 4, "excluded_lines": 0, "percent_statements_covered": 0.0, "percent_statements_covered_display": "0"}, "missing_lines": [83, 84, 85, 86], "excluded_lines": [], "start_line": 71}, "_validate_structure": {"executed_lines": [], "summary": {"covered_lines": 0, "num_statements": 17, "percent_covered": 0.0, "percent_covered_display": "0", "missing_lines": 17, "excluded_lines": 0, "percent_statements_covered": 0.0, "percent_statements_covered_display": "0"}, "missing_lines": [101, 102, 105, 106, 107, 108, 109, 110, 113, 114, 115, 116, 117, 118, 120, 121, 123], "excluded_lines": [], "start_line": 92}, "_validate_naming": {"executed_lines": [], "summary": {"covered_lines": 0, "num_statements": 16, "percent_covered": 0.0, "percent_covered_display": "0", "missing_lines": 16, "excluded_lines": 0, "percent_statements_covered": 0.0, "percent_statements_covered_display": "0"}, "missing_lines": [135, 136, 139, 140, 141, 142, 145, 146, 147, 149, 150, 151, 152, 153, 156, 158], "excluded_lines": [], "start_line": 126}, "_validate_skill_md": {"executed_lines": [], "summary": {"covered_lines": 0, "num_statements": 47, "percent_covered": 0.0, "percent_covered_display": "0", "missing_lines": 47, "excluded_lines": 0, "percent_statements_covered": 0.0, "percent_statements_covered_display": "0"}, "missing_lines": [170, 171, 172, 174, 175, 176, 177, 179, 182, 183, 184, 187, 188, 189, 190, 191, 193, 196, 202, 203, 204, 207, 208, 209, 210, 211, 212, 215, 217, 218, 219, 220, 221, 222, 223, 224, 225, 226, 227, 229, 232, 234, 235, 237, 238, 239, 241], "excluded_lines": [], "start_line": 161}, "_validate_template_requirements": {"executed_lines": [], "summary": {"covered_lines": 0, "num_statements": 10, "percent_covered": 0.0, "percent_covered_display": "0", "missing_lines": 10, "excluded_lines": 0, "percent_statements_covered": 0.0, "percent_statements_covered_display": "0"}, "missing_lines": [254, 256, 257, 259, 260, 262, 263, 264, 265, 267], "excluded_lines": [], "start_line": 244}, "": {"executed_lines": [], "summary": {"covered_lines": 0, "num_statements": 13, "percent_covered": 0.0, "percent_covered_display": "0", "missing_lines": 13, "excluded_lines": 0, "percent_statements_covered": 0.0, "percent_statements_covered_display": "0"}, "missing_lines": [3, 4, 6, 8, 11, 19, 32, 54, 71, 92, 126, 161, 244], "excluded_lines": [], "start_line": 1}}, "classes": {"": {"executed_lines": [], "summary": {"covered_lines": 0, "num_statements": 115, "percent_covered": 0.0, "percent_covered_display": "0", "missing_lines": 115, "excluded_lines": 0, "percent_statements_covered": 0.0, "percent_statements_covered_display": "0"}, "missing_lines": [3, 4, 6, 8, 11, 19, 32, 46, 47, 48, 54, 63, 64, 66, 67, 68, 71, 83, 84, 85, 86, 92, 101, 102, 105, 106, 107, 108, 109, 110, 113, 114, 115, 116, 117, 118, 120, 121, 123, 126, 135, 136, 139, 140, 141, 142, 145, 146, 147, 149, 150, 151, 152, 153, 156, 158, 161, 170, 171, 172, 174, 175, 176, 177, 179, 182, 183, 184, 187, 188, 189, 190, 191, 193, 196, 202, 203, 204, 207, 208, 209, 210, 211, 212, 215, 217, 218, 219, 220, 221, 222, 223, 224, 225, 226, 227, 229, 232, 234, 235, 237, 238, 239, 241, 244, 254, 256, 257, 259, 260, 262, 263, 264, 265, 267], "excluded_lines": [], "start_line": 1}}}}, "totals": {"covered_lines": 0, "num_statements": 1755, "percent_covered": 0.0, "percent_covered_display": "0", "missing_lines": 1755, "excluded_lines": 12, "percent_statements_covered": 0.0, "percent_statements_covered_display": "0"}}